[2024-02-16 17:43:06.284] [info]  No state version found, assuming empty state.
[2024-02-16 17:44:02.511] [info]  Error: No password found
[2024-02-16 17:44:02.709] [info]  Error: No password found
[2024-02-16 17:44:02.710] [info]  Error: No password found
[2024-02-16 17:44:02.757] [error] Error: Cannot start a HubConnection that is not in the 'Disconnected' state.
    at G._startWithStateTransitions (file:///usr/lib/bitwarden/app.asar/app/vendor.js:2:61054)
    at G.start (file:///usr/lib/bitwarden/app.asar/app/vendor.js:2:60907)
    at Rf.ɵinj.s.cJS.providers.useClass.<anonymous> (file:///usr/lib/bitwarden/app.asar/app/main.js:1:773734)
    at Generator.next (<anonymous>)
    at o (file:///usr/lib/bitwarden/app.asar/app/main.js:1:458547)
    at c.invoke (file:///usr/lib/bitwarden/app.asar/app/vendor.js:2:844077)
    at Object.onInvoke (file:///usr/lib/bitwarden/app.asar/app/vendor.js:2:2222266)
    at c.invoke (file:///usr/lib/bitwarden/app.asar/app/vendor.js:2:844017)
    at o.run (file:///usr/lib/bitwarden/app.asar/app/vendor.js:2:839455)
    at file:///usr/lib/bitwarden/app.asar/app/vendor.js:2:854432
[2024-02-16 17:44:02.981] [info]  Finished search indexing
[2024-02-16 17:44:03.315] [info]  Finished search indexing
[2024-02-18 13:24:29.462] [error] TypeError: Object has been destroyed
    at WindowMain.<anonymous> (/usr/lib/bitwarden/app.asar/main.js:48863:36)
    at Generator.next (<anonymous>)
    at /usr/lib/bitwarden/app.asar/main.js:48631:71
    at new Promise (<anonymous>)
    at window_main_awaiter (/usr/lib/bitwarden/app.asar/main.js:48627:12)
    at WindowMain.updateWindowState (/usr/lib/bitwarden/app.asar/main.js:48858:16)
    at WindowMain.<anonymous> (/usr/lib/bitwarden/app.asar/main.js:48792:28)
    at Generator.next (<anonymous>)
    at /usr/lib/bitwarden/app.asar/main.js:48631:71
    at new Promise (<anonymous>)
[2024-02-19 21:19:49.914] [info]  State version: 12
[2024-02-19 21:19:49.918] [info]  Migrator Nu (to version 2) should migrate: false - up
[2024-02-19 21:19:49.919] [info]  Migrator Su (to version 3) should migrate: false - up
[2024-02-19 21:19:49.919] [info]  Migrator Au (to version 4) should migrate: false - up
[2024-02-19 21:19:49.920] [info]  Migrator _u (to version 5) should migrate: false - up
[2024-02-19 21:19:49.921] [info]  Migrator Ou (to version 6) should migrate: false - up
[2024-02-19 21:19:49.921] [info]  Migrator ku (to version 7) should migrate: false - up
[2024-02-19 21:19:49.921] [info]  Migrator Pu (to version 8) should migrate: false - up
[2024-02-19 21:19:49.922] [info]  Migrator Du (to version 9) should migrate: false - up
[2024-02-19 21:19:49.922] [info]  Migrator du (to version 10) should migrate: false - up
[2024-02-19 21:19:49.923] [info]  Migrator gu (to version 11) should migrate: false - up
[2024-02-19 21:19:49.923] [info]  Migrator wu (to version 12) should migrate: false - up
[2024-02-19 21:19:50.014] [info]  Error: No password found
[2024-02-19 21:19:50.052] [info]  Error: No password found
[2024-02-19 21:19:50.089] [info]  Error: No password found
[2024-02-19 21:19:50.137] [info]  Error: No password found
[2024-02-19 21:19:50.137] [info]  Error: No password found
[2024-02-19 21:19:50.162] [info]  Error: No password found
[2024-02-19 21:19:50.182] [info]  Error: No password found
[2024-02-19 21:19:50.646] [info]  Error: No password found
[2024-02-19 21:19:50.794] [info]  Error: No password found
[2024-02-19 21:19:50.842] [info]  Error: No password found
[2024-02-19 21:19:50.898] [info]  Error: No password found
[2024-02-19 21:19:50.903] [info]  Error: No password found
[2024-02-19 21:19:51.044] [info]  Error: No password found
[2024-02-19 21:19:51.127] [info]  Error: No password found
[2024-02-19 21:19:53.103] [info]  Error: No password found
[2024-02-19 21:20:00.065] [info]  Error: No password found
[2024-02-19 21:20:10.066] [info]  Error: No password found
[2024-02-19 21:20:13.416] [info]  Finished search indexing
[2024-02-22 10:50:10.992] [info]  State version: 12
[2024-02-22 10:50:11.000] [info]  Migrator Nu (to version 2) should migrate: false - up
[2024-02-22 10:50:11.001] [info]  Migrator Su (to version 3) should migrate: false - up
[2024-02-22 10:50:11.002] [info]  Migrator Au (to version 4) should migrate: false - up
[2024-02-22 10:50:11.002] [info]  Migrator _u (to version 5) should migrate: false - up
[2024-02-22 10:50:11.002] [info]  Migrator Ou (to version 6) should migrate: false - up
[2024-02-22 10:50:11.003] [info]  Migrator ku (to version 7) should migrate: false - up
[2024-02-22 10:50:11.003] [info]  Migrator Pu (to version 8) should migrate: false - up
[2024-02-22 10:50:11.004] [info]  Migrator Du (to version 9) should migrate: false - up
[2024-02-22 10:50:11.004] [info]  Migrator du (to version 10) should migrate: false - up
[2024-02-22 10:50:11.004] [info]  Migrator gu (to version 11) should migrate: false - up
[2024-02-22 10:50:11.005] [info]  Migrator wu (to version 12) should migrate: false - up
[2024-02-22 10:50:11.085] [info]  Error: No password found
[2024-02-22 10:50:11.133] [info]  Error: No password found
[2024-02-22 10:50:11.151] [info]  Error: No password found
[2024-02-22 10:50:11.199] [info]  Error: No password found
[2024-02-22 10:50:11.200] [info]  Error: No password found
[2024-02-22 10:50:11.229] [info]  Error: No password found
[2024-02-22 10:50:11.247] [info]  Error: No password found
[2024-02-22 10:50:11.663] [info]  Error: No password found
[2024-02-22 10:50:11.795] [info]  Error: No password found
[2024-02-22 10:50:11.843] [info]  Error: No password found
[2024-02-22 10:50:11.897] [info]  Error: No password found
[2024-02-22 10:50:11.901] [info]  Error: No password found
[2024-02-22 10:50:11.989] [info]  Error: No password found
[2024-02-22 10:50:12.185] [info]  Error: No password found
[2024-02-22 10:50:14.159] [info]  Error: No password found
[2024-02-22 10:50:15.674] [info]  Finished search indexing
[2024-02-29 13:44:27.281] [info]  State version: 12
[2024-02-29 13:44:27.288] [info]  Migrator Nu (to version 2) should migrate: false - up
[2024-02-29 13:44:27.288] [info]  Migrator Su (to version 3) should migrate: false - up
[2024-02-29 13:44:27.289] [info]  Migrator Au (to version 4) should migrate: false - up
[2024-02-29 13:44:27.289] [info]  Migrator _u (to version 5) should migrate: false - up
[2024-02-29 13:44:27.290] [info]  Migrator Ou (to version 6) should migrate: false - up
[2024-02-29 13:44:27.291] [info]  Migrator ku (to version 7) should migrate: false - up
[2024-02-29 13:44:27.291] [info]  Migrator Pu (to version 8) should migrate: false - up
[2024-02-29 13:44:27.292] [info]  Migrator Du (to version 9) should migrate: false - up
[2024-02-29 13:44:27.293] [info]  Migrator du (to version 10) should migrate: false - up
[2024-02-29 13:44:27.293] [info]  Migrator gu (to version 11) should migrate: false - up
[2024-02-29 13:44:27.293] [info]  Migrator wu (to version 12) should migrate: false - up
[2024-02-29 13:44:27.360] [info]  Error: No password found
[2024-02-29 13:44:27.387] [info]  Error: No password found
[2024-02-29 13:44:27.409] [info]  Error: No password found
[2024-02-29 13:44:27.452] [info]  Error: No password found
[2024-02-29 13:44:27.452] [info]  Error: No password found
[2024-02-29 13:44:27.481] [info]  Error: No password found
[2024-02-29 13:44:27.519] [info]  Error: No password found
[2024-02-29 13:44:28.442] [info]  Error: No password found
[2024-02-29 13:44:30.435] [info]  Error: No password found
[2024-02-29 13:44:32.906] [info]  Error: No password found
[2024-02-29 13:44:33.048] [info]  Error: No password found
[2024-02-29 13:44:33.075] [info]  Error: No password found
[2024-02-29 13:44:33.112] [info]  Error: No password found
[2024-02-29 13:44:33.113] [info]  Error: No password found
[2024-02-29 13:44:33.207] [info]  Error: No password found
[2024-02-29 13:44:37.398] [info]  Error: No password found
[2024-02-29 13:44:39.702] [info]  Finished search indexing
[2024-03-05 22:26:46.657] [error] TypeError: Object has been destroyed
    at WindowMain.<anonymous> (/usr/lib/bitwarden/app.asar/main.js:48863:36)
    at Generator.next (<anonymous>)
    at /usr/lib/bitwarden/app.asar/main.js:48631:71
    at new Promise (<anonymous>)
    at window_main_awaiter (/usr/lib/bitwarden/app.asar/main.js:48627:12)
    at WindowMain.updateWindowState (/usr/lib/bitwarden/app.asar/main.js:48858:16)
    at WindowMain.<anonymous> (/usr/lib/bitwarden/app.asar/main.js:48792:28)
    at Generator.next (<anonymous>)
    at /usr/lib/bitwarden/app.asar/main.js:48631:71
    at new Promise (<anonymous>)
[2024-03-06 18:32:42.422] [info]  State version: 12
[2024-03-06 18:32:42.428] [info]  Migrator Nu (to version 2) should migrate: false - up
[2024-03-06 18:32:42.428] [info]  Migrator Su (to version 3) should migrate: false - up
[2024-03-06 18:32:42.429] [info]  Migrator Au (to version 4) should migrate: false - up
[2024-03-06 18:32:42.429] [info]  Migrator _u (to version 5) should migrate: false - up
[2024-03-06 18:32:42.430] [info]  Migrator Ou (to version 6) should migrate: false - up
[2024-03-06 18:32:42.430] [info]  Migrator ku (to version 7) should migrate: false - up
[2024-03-06 18:32:42.430] [info]  Migrator Pu (to version 8) should migrate: false - up
[2024-03-06 18:32:42.431] [info]  Migrator Du (to version 9) should migrate: false - up
[2024-03-06 18:32:42.431] [info]  Migrator du (to version 10) should migrate: false - up
[2024-03-06 18:32:42.431] [info]  Migrator gu (to version 11) should migrate: false - up
[2024-03-06 18:32:42.432] [info]  Migrator wu (to version 12) should migrate: false - up
[2024-03-06 18:32:42.529] [info]  Error: No password found
[2024-03-06 18:32:42.574] [info]  Error: No password found
[2024-03-06 18:32:42.606] [info]  Error: No password found
[2024-03-06 18:32:42.651] [info]  Error: No password found
[2024-03-06 18:32:42.652] [info]  Error: No password found
[2024-03-06 18:32:42.677] [info]  Error: No password found
[2024-03-06 18:32:42.721] [info]  Error: No password found
[2024-03-06 18:32:43.096] [info]  Error: No password found
[2024-03-06 18:32:43.246] [info]  Error: No password found
[2024-03-06 18:32:43.293] [info]  Error: No password found
[2024-03-06 18:32:43.338] [info]  Error: No password found
[2024-03-06 18:32:43.340] [info]  Error: No password found
[2024-03-06 18:32:43.418] [info]  Error: No password found
[2024-03-06 18:32:43.642] [info]  Error: No password found
[2024-03-06 18:32:45.623] [info]  Error: No password found
[2024-03-06 18:32:52.585] [info]  Error: No password found
[2024-03-06 18:33:02.582] [info]  Error: No password found
[2024-03-06 18:33:12.584] [info]  Error: No password found
[2024-03-06 18:33:22.585] [info]  Error: No password found
[2024-03-06 18:33:32.585] [info]  Error: No password found
[2024-03-06 18:33:42.585] [info]  Error: No password found
[2024-03-06 18:33:52.585] [info]  Error: No password found
[2024-03-06 18:34:02.585] [info]  Error: No password found
[2024-03-06 18:34:12.586] [info]  Error: No password found
[2024-03-06 18:34:22.585] [info]  Error: No password found
[2024-03-06 18:34:32.585] [info]  Error: No password found
[2024-03-06 18:34:42.584] [info]  Error: No password found
[2024-03-06 18:34:52.281] [info]  Finished search indexing
[2024-03-07 20:41:04.229] [info]  State version: 12
[2024-03-07 20:41:04.236] [info]  Migrator Nu (to version 2) should migrate: false - up
[2024-03-07 20:41:04.236] [info]  Migrator Su (to version 3) should migrate: false - up
[2024-03-07 20:41:04.237] [info]  Migrator Au (to version 4) should migrate: false - up
[2024-03-07 20:41:04.237] [info]  Migrator _u (to version 5) should migrate: false - up
[2024-03-07 20:41:04.237] [info]  Migrator Ou (to version 6) should migrate: false - up
[2024-03-07 20:41:04.238] [info]  Migrator ku (to version 7) should migrate: false - up
[2024-03-07 20:41:04.238] [info]  Migrator Pu (to version 8) should migrate: false - up
[2024-03-07 20:41:04.239] [info]  Migrator Du (to version 9) should migrate: false - up
[2024-03-07 20:41:04.239] [info]  Migrator du (to version 10) should migrate: false - up
[2024-03-07 20:41:04.239] [info]  Migrator gu (to version 11) should migrate: false - up
[2024-03-07 20:41:04.240] [info]  Migrator wu (to version 12) should migrate: false - up
[2024-03-07 20:41:04.329] [info]  Error: No password found
[2024-03-07 20:41:04.374] [info]  Error: No password found
[2024-03-07 20:41:04.400] [info]  Error: No password found
[2024-03-07 20:41:04.444] [info]  Error: No password found
[2024-03-07 20:41:04.445] [info]  Error: No password found
[2024-03-07 20:41:04.470] [info]  Error: No password found
[2024-03-07 20:41:04.493] [info]  Error: No password found
[2024-03-07 20:41:04.836] [info]  Error: No password found
[2024-03-07 20:41:05.005] [info]  Error: No password found
[2024-03-07 20:41:05.049] [info]  Error: No password found
[2024-03-07 20:41:05.097] [info]  Error: No password found
[2024-03-07 20:41:05.099] [info]  Error: No password found
[2024-03-07 20:41:05.206] [info]  Error: No password found
[2024-03-07 20:41:05.436] [info]  Error: No password found
[2024-03-07 20:41:07.409] [info]  Error: No password found
[2024-03-07 20:41:14.385] [info]  Error: No password found
[2024-03-07 20:41:17.829] [info]  Finished search indexing
[2024-03-11 11:34:40.261] [info]  State version: 12
[2024-03-11 11:34:40.266] [info]  Migrator MinVersionMigrator (to version 2) should migrate: false - up
[2024-03-11 11:34:40.266] [info]  Migrator FixPremiumMigrator (to version 3) should migrate: false - up
[2024-03-11 11:34:40.266] [info]  Migrator RemoveEverBeenUnlockedMigrator (to version 4) should migrate: false - up
[2024-03-11 11:34:40.266] [info]  Migrator AddKeyTypeToOrgKeysMigrator (to version 5) should migrate: false - up
[2024-03-11 11:34:40.267] [info]  Migrator RemoveLegacyEtmKeyMigrator (to version 6) should migrate: false - up
[2024-03-11 11:34:40.267] [info]  Migrator MoveBiometricAutoPromptToAccount (to version 7) should migrate: false - up
[2024-03-11 11:34:40.267] [info]  Migrator MoveStateVersionMigrator (to version 8) should migrate: false - up
[2024-03-11 11:34:40.268] [info]  Migrator MoveBrowserSettingsToGlobal (to version 9) should migrate: false - up
[2024-03-11 11:34:40.268] [info]  Migrator EverHadUserKeyMigrator (to version 10) should migrate: false - up
[2024-03-11 11:34:40.268] [info]  Migrator OrganizationKeyMigrator (to version 11) should migrate: false - up
[2024-03-11 11:34:40.268] [info]  Migrator MoveEnvironmentStateToProviders (to version 12) should migrate: false - up
[2024-03-11 11:34:40.269] [info]  Migrator ProviderKeyMigrator (to version 13) should migrate: true - up
[2024-03-11 11:34:40.269] [info]  Setting user_019e923a-b64b-4157-82c6-af2800327e25_crypto_providerKeys
[2024-03-11 11:34:40.278] [info]  Setting 019e923a-b64b-4157-82c6-af2800327e25
[2024-03-11 11:34:40.286] [info]  Migrator ProviderKeyMigrator (to version 13) migrated - up
[2024-03-11 11:34:40.287] [info]  Setting stateVersion
[2024-03-11 11:34:40.296] [info]  Migrator ProviderKeyMigrator (to version 13) updated version - up
[2024-03-11 11:34:40.297] [info]  Migrator MoveBiometricClientKeyHalfToStateProviders (to version 14) should migrate: true - up
[2024-03-11 11:34:40.303] [info]  Migrator MoveBiometricClientKeyHalfToStateProviders (to version 14) migrated - up
[2024-03-11 11:34:40.303] [info]  Setting stateVersion
[2024-03-11 11:34:40.312] [info]  Migrator MoveBiometricClientKeyHalfToStateProviders (to version 14) updated version - up
[2024-03-11 11:34:40.313] [info]  Migrator FolderMigrator (to version 15) should migrate: true - up
[2024-03-11 11:34:40.315] [info]  Setting user_019e923a-b64b-4157-82c6-af2800327e25_folder_folders
[2024-03-11 11:34:40.323] [info]  Setting 019e923a-b64b-4157-82c6-af2800327e25
[2024-03-11 11:34:40.332] [info]  Migrator FolderMigrator (to version 15) migrated - up
[2024-03-11 11:34:40.332] [info]  Setting stateVersion
[2024-03-11 11:34:40.342] [info]  Migrator FolderMigrator (to version 15) updated version - up
[2024-03-11 11:34:40.342] [info]  Migrator LastSyncMigrator (to version 16) should migrate: true - up
[2024-03-11 11:34:40.344] [info]  Setting user_019e923a-b64b-4157-82c6-af2800327e25_sync_lastSync
[2024-03-11 11:34:40.352] [info]  Setting 019e923a-b64b-4157-82c6-af2800327e25
[2024-03-11 11:34:40.360] [info]  Migrator LastSyncMigrator (to version 16) migrated - up
[2024-03-11 11:34:40.361] [info]  Setting stateVersion
[2024-03-11 11:34:40.369] [info]  Migrator LastSyncMigrator (to version 16) updated version - up
[2024-03-11 11:34:40.369] [info]  Migrator EnablePasskeysMigrator (to version 17) should migrate: true - up
[2024-03-11 11:34:40.371] [info]  Migrator EnablePasskeysMigrator (to version 17) migrated - up
[2024-03-11 11:34:40.371] [info]  Setting stateVersion
[2024-03-11 11:34:40.379] [info]  Migrator EnablePasskeysMigrator (to version 17) updated version - up
[2024-03-11 11:34:40.379] [info]  Migrator AutofillSettingsKeyMigrator (to version 18) should migrate: true - up
[2024-03-11 11:34:40.382] [info]  Migrator AutofillSettingsKeyMigrator (to version 18) migrated - up
[2024-03-11 11:34:40.382] [info]  Setting stateVersion
[2024-03-11 11:34:40.390] [info]  Migrator AutofillSettingsKeyMigrator (to version 18) updated version - up
[2024-03-11 11:34:40.391] [info]  Migrator RequirePasswordOnStartMigrator (to version 19) should migrate: true - up
[2024-03-11 11:34:40.393] [info]  Migrator RequirePasswordOnStartMigrator (to version 19) migrated - up
[2024-03-11 11:34:40.393] [info]  Setting stateVersion
[2024-03-11 11:34:40.400] [info]  Migrator RequirePasswordOnStartMigrator (to version 19) updated version - up
[2024-03-11 11:34:40.401] [info]  Migrator PrivateKeyMigrator (to version 20) should migrate: true - up
[2024-03-11 11:34:40.403] [info]  Setting user_019e923a-b64b-4157-82c6-af2800327e25_crypto_privateKey
[2024-03-11 11:34:40.412] [info]  Setting 019e923a-b64b-4157-82c6-af2800327e25
[2024-03-11 11:34:40.424] [info]  Migrator PrivateKeyMigrator (to version 20) migrated - up
[2024-03-11 11:34:40.424] [info]  Setting stateVersion
[2024-03-11 11:34:40.432] [info]  Migrator PrivateKeyMigrator (to version 20) updated version - up
[2024-03-11 11:34:40.432] [info]  Migrator CollectionMigrator (to version 21) should migrate: true - up
[2024-03-11 11:34:40.434] [info]  Setting user_019e923a-b64b-4157-82c6-af2800327e25_collection_collections
[2024-03-11 11:34:40.442] [info]  Setting 019e923a-b64b-4157-82c6-af2800327e25
[2024-03-11 11:34:40.450] [info]  Migrator CollectionMigrator (to version 21) migrated - up
[2024-03-11 11:34:40.450] [info]  Setting stateVersion
[2024-03-11 11:34:40.459] [info]  Migrator CollectionMigrator (to version 21) updated version - up
[2024-03-11 11:34:40.459] [info]  Migrator CollapsedGroupingsMigrator (to version 22) should migrate: true - up
[2024-03-11 11:34:40.461] [info]  Migrator CollapsedGroupingsMigrator (to version 22) migrated - up
[2024-03-11 11:34:40.462] [info]  Setting stateVersion
[2024-03-11 11:34:40.470] [info]  Migrator CollapsedGroupingsMigrator (to version 22) updated version - up
[2024-03-11 11:34:40.470] [info]  Migrator MoveBiometricPromptsToStateProviders (to version 23) should migrate: true - up
[2024-03-11 11:34:40.473] [info]  Setting 019e923a-b64b-4157-82c6-af2800327e25
[2024-03-11 11:34:40.482] [info]  Migrator MoveBiometricPromptsToStateProviders (to version 23) migrated - up
[2024-03-11 11:34:40.483] [info]  Setting stateVersion
[2024-03-11 11:34:40.490] [info]  Migrator MoveBiometricPromptsToStateProviders (to version 23) updated version - up
[2024-03-11 11:34:40.491] [info]  Migrator SmOnboardingTasksMigrator (to version 24) should migrate: true - up
[2024-03-11 11:34:40.493] [info]  Migrator SmOnboardingTasksMigrator (to version 24) migrated - up
[2024-03-11 11:34:40.493] [info]  Setting stateVersion
[2024-03-11 11:34:40.502] [info]  Migrator SmOnboardingTasksMigrator (to version 24) updated version - up
[2024-03-11 11:34:40.502] [info]  Migrator ClearClipboardDelayMigrator (to version 25) should migrate: true - up
[2024-03-11 11:34:40.504] [info]  Migrator ClearClipboardDelayMigrator (to version 25) migrated - up
[2024-03-11 11:34:40.505] [info]  Setting stateVersion
[2024-03-11 11:34:40.512] [info]  Migrator ClearClipboardDelayMigrator (to version 25) updated version - up
[2024-03-11 11:34:40.513] [info]  Migrator RevertLastSyncMigrator (to version 26) should migrate: true - up
[2024-03-11 11:34:40.516] [info]  Setting 019e923a-b64b-4157-82c6-af2800327e25
[2024-03-11 11:34:40.525] [info]  Setting user_019e923a-b64b-4157-82c6-af2800327e25_sync_lastSync
[2024-03-11 11:34:40.534] [info]  Migrator RevertLastSyncMigrator (to version 26) migrated - up
[2024-03-11 11:34:40.534] [info]  Setting stateVersion
[2024-03-11 11:34:40.543] [info]  Migrator RevertLastSyncMigrator (to version 26) updated version - up
[2024-03-11 11:34:45.558] [info]  State version: 26
[2024-03-11 11:34:45.667] [info]  Error: No password found
[2024-03-11 11:34:45.719] [info]  Error: No password found
[2024-03-11 11:34:45.737] [info]  Error: No password found
[2024-03-11 11:34:45.805] [info]  Error: No password found
[2024-03-11 11:34:45.805] [info]  Error: No password found
[2024-03-11 11:34:45.841] [info]  Error: No password found
[2024-03-11 11:34:45.851] [info]  Error: No password found
[2024-03-11 11:34:46.434] [info]  Error: No password found
[2024-03-11 11:34:46.598] [info]  Error: No password found
[2024-03-11 11:34:46.675] [info]  Error: No password found
[2024-03-11 11:34:46.678] [info]  Error: No password found
[2024-03-11 11:34:46.784] [info]  Error: No password found
[2024-03-11 11:34:46.800] [info]  Error: No password found
[2024-03-11 11:34:48.771] [info]  Error: No password found
[2024-03-11 11:34:55.736] [info]  Error: No password found
[2024-03-11 11:35:05.138] [info]  Finished search indexing
[2024-03-11 13:57:31.075] [info]  Finished search indexing
[2024-03-11 13:58:50.372] [info]  Finished search indexing
[2024-03-11 14:04:18.712] [info]  Finished search indexing
[2024-03-11 19:26:19.135] [error] TypeError: Object has been destroyed
    at WindowMain.<anonymous> (/usr/lib/bitwarden/app.asar/main.js:82374:36)
    at Generator.next (<anonymous>)
    at /usr/lib/bitwarden/app.asar/main.js:82136:71
    at new Promise (<anonymous>)
    at window_main_awaiter (/usr/lib/bitwarden/app.asar/main.js:82132:12)
    at WindowMain.updateWindowState (/usr/lib/bitwarden/app.asar/main.js:82369:16)
    at WindowMain.<anonymous> (/usr/lib/bitwarden/app.asar/main.js:82303:28)
    at Generator.next (<anonymous>)
    at /usr/lib/bitwarden/app.asar/main.js:82136:71
    at new Promise (<anonymous>)
[2024-03-11 21:04:18.266] [info]  State version: 26
[2024-03-11 21:04:18.270] [info]  Migrator MinVersionMigrator (to version 2) should migrate: false - up
[2024-03-11 21:04:18.271] [info]  Migrator FixPremiumMigrator (to version 3) should migrate: false - up
[2024-03-11 21:04:18.271] [info]  Migrator RemoveEverBeenUnlockedMigrator (to version 4) should migrate: false - up
[2024-03-11 21:04:18.272] [info]  Migrator AddKeyTypeToOrgKeysMigrator (to version 5) should migrate: false - up
[2024-03-11 21:04:18.272] [info]  Migrator RemoveLegacyEtmKeyMigrator (to version 6) should migrate: false - up
[2024-03-11 21:04:18.272] [info]  Migrator MoveBiometricAutoPromptToAccount (to version 7) should migrate: false - up
[2024-03-11 21:04:18.272] [info]  Migrator MoveStateVersionMigrator (to version 8) should migrate: false - up
[2024-03-11 21:04:18.273] [info]  Migrator MoveBrowserSettingsToGlobal (to version 9) should migrate: false - up
[2024-03-11 21:04:18.273] [info]  Migrator EverHadUserKeyMigrator (to version 10) should migrate: false - up
[2024-03-11 21:04:18.273] [info]  Migrator OrganizationKeyMigrator (to version 11) should migrate: false - up
[2024-03-11 21:04:18.273] [info]  Migrator MoveEnvironmentStateToProviders (to version 12) should migrate: false - up
[2024-03-11 21:04:18.274] [info]  Migrator ProviderKeyMigrator (to version 13) should migrate: false - up
[2024-03-11 21:04:18.274] [info]  Migrator MoveBiometricClientKeyHalfToStateProviders (to version 14) should migrate: false - up
[2024-03-11 21:04:18.274] [info]  Migrator FolderMigrator (to version 15) should migrate: false - up
[2024-03-11 21:04:18.274] [info]  Migrator LastSyncMigrator (to version 16) should migrate: false - up
[2024-03-11 21:04:18.274] [info]  Migrator EnablePasskeysMigrator (to version 17) should migrate: false - up
[2024-03-11 21:04:18.275] [info]  Migrator AutofillSettingsKeyMigrator (to version 18) should migrate: false - up
[2024-03-11 21:04:18.275] [info]  Migrator RequirePasswordOnStartMigrator (to version 19) should migrate: false - up
[2024-03-11 21:04:18.275] [info]  Migrator PrivateKeyMigrator (to version 20) should migrate: false - up
[2024-03-11 21:04:18.275] [info]  Migrator CollectionMigrator (to version 21) should migrate: false - up
[2024-03-11 21:04:18.276] [info]  Migrator CollapsedGroupingsMigrator (to version 22) should migrate: false - up
[2024-03-11 21:04:18.276] [info]  Migrator MoveBiometricPromptsToStateProviders (to version 23) should migrate: false - up
[2024-03-11 21:04:18.276] [info]  Migrator SmOnboardingTasksMigrator (to version 24) should migrate: false - up
[2024-03-11 21:04:18.276] [info]  Migrator ClearClipboardDelayMigrator (to version 25) should migrate: false - up
[2024-03-11 21:04:18.276] [info]  Migrator RevertLastSyncMigrator (to version 26) should migrate: false - up
[2024-03-11 21:04:21.217] [info]  State version: 26
[2024-03-11 21:04:21.298] [info]  Error: No password found
[2024-03-11 21:04:21.336] [info]  Error: No password found
[2024-03-11 21:04:21.353] [info]  Error: No password found
[2024-03-11 21:04:21.420] [info]  Error: No password found
[2024-03-11 21:04:21.420] [info]  Error: No password found
[2024-03-11 21:04:21.458] [info]  Error: No password found
[2024-03-11 21:04:21.470] [info]  Error: No password found
[2024-03-11 21:04:21.840] [info]  Error: No password found
[2024-03-11 21:04:22.019] [info]  Error: No password found
[2024-03-11 21:04:22.088] [info]  Error: No password found
[2024-03-11 21:04:22.093] [info]  Error: No password found
[2024-03-11 21:04:22.214] [info]  Error: No password found
[2024-03-11 21:04:22.414] [info]  Error: No password found
[2024-03-11 21:04:24.392] [info]  Error: No password found
[2024-03-11 21:04:24.958] [info]  Finished search indexing
[2024-03-24 11:09:35.188] [info]  State version: 26
[2024-03-24 11:09:35.192] [info]  Migrator MinVersionMigrator (to version 2) should migrate: false - up
[2024-03-24 11:09:35.193] [info]  Migrator FixPremiumMigrator (to version 3) should migrate: false - up
[2024-03-24 11:09:35.193] [info]  Migrator RemoveEverBeenUnlockedMigrator (to version 4) should migrate: false - up
[2024-03-24 11:09:35.193] [info]  Migrator AddKeyTypeToOrgKeysMigrator (to version 5) should migrate: false - up
[2024-03-24 11:09:35.193] [info]  Migrator RemoveLegacyEtmKeyMigrator (to version 6) should migrate: false - up
[2024-03-24 11:09:35.194] [info]  Migrator MoveBiometricAutoPromptToAccount (to version 7) should migrate: false - up
[2024-03-24 11:09:35.194] [info]  Migrator MoveStateVersionMigrator (to version 8) should migrate: false - up
[2024-03-24 11:09:35.194] [info]  Migrator MoveBrowserSettingsToGlobal (to version 9) should migrate: false - up
[2024-03-24 11:09:35.195] [info]  Migrator EverHadUserKeyMigrator (to version 10) should migrate: false - up
[2024-03-24 11:09:35.195] [info]  Migrator OrganizationKeyMigrator (to version 11) should migrate: false - up
[2024-03-24 11:09:35.195] [info]  Migrator MoveEnvironmentStateToProviders (to version 12) should migrate: false - up
[2024-03-24 11:09:35.195] [info]  Migrator ProviderKeyMigrator (to version 13) should migrate: false - up
[2024-03-24 11:09:35.196] [info]  Migrator MoveBiometricClientKeyHalfToStateProviders (to version 14) should migrate: false - up
[2024-03-24 11:09:35.196] [info]  Migrator FolderMigrator (to version 15) should migrate: false - up
[2024-03-24 11:09:35.196] [info]  Migrator LastSyncMigrator (to version 16) should migrate: false - up
[2024-03-24 11:09:35.196] [info]  Migrator EnablePasskeysMigrator (to version 17) should migrate: false - up
[2024-03-24 11:09:35.196] [info]  Migrator AutofillSettingsKeyMigrator (to version 18) should migrate: false - up
[2024-03-24 11:09:35.196] [info]  Migrator RequirePasswordOnStartMigrator (to version 19) should migrate: false - up
[2024-03-24 11:09:35.196] [info]  Migrator PrivateKeyMigrator (to version 20) should migrate: false - up
[2024-03-24 11:09:35.196] [info]  Migrator CollectionMigrator (to version 21) should migrate: false - up
[2024-03-24 11:09:35.197] [info]  Migrator CollapsedGroupingsMigrator (to version 22) should migrate: false - up
[2024-03-24 11:09:35.197] [info]  Migrator MoveBiometricPromptsToStateProviders (to version 23) should migrate: false - up
[2024-03-24 11:09:35.197] [info]  Migrator SmOnboardingTasksMigrator (to version 24) should migrate: false - up
[2024-03-24 11:09:35.197] [info]  Migrator ClearClipboardDelayMigrator (to version 25) should migrate: false - up
[2024-03-24 11:09:35.197] [info]  Migrator RevertLastSyncMigrator (to version 26) should migrate: false - up
[2024-03-24 11:09:38.173] [info]  State version: 26
[2024-03-24 11:09:38.277] [info]  Error: No password found
[2024-03-24 11:09:38.327] [info]  Error: No password found
[2024-03-24 11:09:38.340] [info]  Error: No password found
[2024-03-24 11:09:38.400] [info]  Error: No password found
[2024-03-24 11:09:38.400] [info]  Error: No password found
[2024-03-24 11:09:38.438] [info]  Error: No password found
[2024-03-24 11:09:38.447] [info]  Error: No password found
[2024-03-24 11:09:39.185] [info]  Error: No password found
[2024-03-24 11:09:39.402] [info]  Error: No password found
[2024-03-24 11:09:39.548] [info]  Error: No password found
[2024-03-24 11:09:39.620] [info]  Error: No password found
[2024-03-24 11:09:39.626] [info]  Error: No password found
[2024-03-24 11:09:39.762] [info]  Error: No password found
[2024-03-24 11:09:41.380] [info]  Error: No password found
[2024-03-24 11:09:48.340] [info]  Error: No password found
[2024-03-24 11:09:58.337] [info]  Error: No password found
[2024-03-24 11:10:08.340] [info]  Error: No password found
[2024-03-24 11:10:18.341] [info]  Error: No password found
[2024-03-24 11:10:28.340] [info]  Error: No password found
[2024-03-24 11:10:38.342] [info]  Error: No password found
[2024-03-24 11:10:48.340] [info]  Error: No password found
[2024-03-24 11:10:58.340] [info]  Error: No password found
[2024-03-24 11:11:08.337] [info]  Error: No password found
[2024-03-24 11:11:18.340] [info]  Error: No password found
[2024-03-24 11:11:28.340] [info]  Error: No password found
[2024-03-24 11:11:38.341] [info]  Error: No password found
[2024-03-24 11:11:48.337] [info]  Error: No password found
[2024-03-24 11:11:58.340] [info]  Error: No password found
[2024-03-24 11:12:08.339] [info]  Error: No password found
[2024-03-24 11:12:18.340] [info]  Error: No password found
[2024-03-24 11:12:28.339] [info]  Error: No password found
[2024-03-24 11:12:38.340] [info]  Error: No password found
[2024-03-24 11:12:48.340] [info]  Error: No password found
[2024-03-24 11:12:58.341] [info]  Error: No password found
[2024-03-24 11:13:08.340] [info]  Error: No password found
[2024-03-24 11:13:18.341] [info]  Error: No password found
[2024-03-24 11:13:28.340] [info]  Error: No password found
[2024-03-24 11:13:38.337] [info]  Error: No password found
[2024-03-24 11:13:48.339] [info]  Error: No password found
[2024-03-24 11:13:58.338] [info]  Error: No password found
[2024-03-24 11:14:08.339] [info]  Error: No password found
[2024-03-24 11:14:18.338] [info]  Error: No password found
[2024-03-24 11:14:28.339] [info]  Error: No password found
[2024-03-24 11:14:38.339] [info]  Error: No password found
[2024-03-24 11:14:48.338] [info]  Error: No password found
[2024-03-24 11:14:58.339] [info]  Error: No password found
[2024-03-24 11:15:08.342] [info]  Error: No password found
[2024-03-24 11:15:18.337] [info]  Error: No password found
[2024-03-24 11:15:28.340] [info]  Error: No password found
[2024-03-24 11:15:38.340] [info]  Error: No password found
[2024-03-24 11:15:48.340] [info]  Error: No password found
[2024-03-24 11:15:58.340] [info]  Error: No password found
[2024-03-24 11:16:08.340] [info]  Error: No password found
[2024-03-24 11:16:18.344] [info]  Error: No password found
[2024-03-24 11:16:28.339] [info]  Error: No password found
[2024-03-24 11:16:38.340] [info]  Error: No password found
[2024-03-24 11:16:48.340] [info]  Error: No password found
[2024-03-24 11:16:58.339] [info]  Error: No password found
[2024-03-24 11:17:08.340] [info]  Error: No password found
[2024-03-24 11:17:18.340] [info]  Error: No password found
[2024-03-24 11:17:28.339] [info]  Error: No password found
[2024-03-24 11:17:38.340] [info]  Error: No password found
[2024-03-24 11:17:48.339] [info]  Error: No password found
[2024-03-24 11:17:58.339] [info]  Error: No password found
[2024-03-24 11:18:08.339] [info]  Error: No password found
[2024-03-24 11:18:18.339] [info]  Error: No password found
[2024-03-24 11:18:28.339] [info]  Error: No password found
[2024-03-24 11:18:38.338] [info]  Error: No password found
[2024-03-24 11:18:48.339] [info]  Error: No password found
[2024-03-24 11:18:58.340] [info]  Error: No password found
[2024-03-24 11:19:08.339] [info]  Error: No password found
[2024-03-24 11:19:18.340] [info]  Error: No password found
[2024-03-24 11:19:28.340] [info]  Error: No password found
[2024-03-24 11:19:38.339] [info]  Error: No password found
[2024-03-24 11:19:48.339] [info]  Error: No password found
[2024-03-24 11:19:58.343] [info]  Error: No password found
[2024-03-24 11:20:08.339] [info]  Error: No password found
[2024-03-24 11:20:18.337] [info]  Error: No password found
[2024-03-24 11:20:28.340] [info]  Error: No password found
[2024-03-24 11:20:38.340] [info]  Error: No password found
[2024-03-24 11:20:48.338] [info]  Error: No password found
[2024-03-24 11:20:58.339] [info]  Error: No password found
[2024-03-24 11:21:08.337] [info]  Error: No password found
[2024-03-24 11:21:18.342] [info]  Error: No password found
[2024-03-24 11:21:28.339] [info]  Error: No password found
[2024-03-24 11:21:38.340] [info]  Error: No password found
[2024-03-24 11:21:48.339] [info]  Error: No password found
[2024-03-24 11:21:58.340] [info]  Error: No password found
[2024-03-24 11:22:08.340] [info]  Error: No password found
[2024-03-24 11:22:18.339] [info]  Error: No password found
[2024-03-24 11:22:28.340] [info]  Error: No password found
[2024-03-24 11:22:38.343] [info]  Error: No password found
[2024-03-24 11:22:48.339] [info]  Error: No password found
[2024-03-24 11:22:58.339] [info]  Error: No password found
[2024-03-24 11:23:08.337] [info]  Error: No password found
[2024-03-24 11:23:18.338] [info]  Error: No password found
[2024-03-24 11:23:28.340] [info]  Error: No password found
[2024-03-24 11:23:38.340] [info]  Error: No password found
[2024-03-24 11:23:48.340] [info]  Error: No password found
[2024-03-24 11:23:58.342] [info]  Error: No password found
[2024-03-24 11:24:08.337] [info]  Error: No password found
[2024-03-24 11:24:18.339] [info]  Error: No password found
[2024-03-24 11:24:28.337] [info]  Error: No password found
[2024-03-24 11:24:38.336] [info]  Error: No password found
[2024-03-24 11:24:48.339] [info]  Error: No password found
[2024-03-24 11:24:58.340] [info]  Error: No password found
[2024-03-24 11:25:08.340] [info]  Error: No password found
[2024-03-24 11:25:18.342] [info]  Error: No password found
[2024-03-24 11:25:28.340] [info]  Error: No password found
[2024-03-24 11:25:38.340] [info]  Error: No password found
[2024-03-24 11:25:48.340] [info]  Error: No password found
[2024-03-24 11:25:58.340] [info]  Error: No password found
[2024-03-24 11:26:08.340] [info]  Error: No password found
[2024-03-24 11:26:18.339] [info]  Error: No password found
[2024-03-24 11:26:28.339] [info]  Error: No password found
[2024-03-24 11:26:38.337] [info]  Error: No password found
[2024-03-24 11:26:48.340] [info]  Error: No password found
[2024-03-24 11:26:58.339] [info]  Error: No password found
[2024-03-24 11:27:08.340] [info]  Error: No password found
[2024-03-24 11:27:18.340] [info]  Error: No password found
[2024-03-24 11:27:28.339] [info]  Error: No password found
[2024-03-24 11:27:38.339] [info]  Error: No password found
[2024-03-24 11:27:48.339] [info]  Error: No password found
[2024-03-24 11:27:58.340] [info]  Error: No password found
[2024-03-24 11:28:08.340] [info]  Error: No password found
[2024-03-24 11:28:18.339] [info]  Error: No password found
[2024-03-24 11:28:28.338] [info]  Error: No password found
[2024-03-24 11:28:38.339] [info]  Error: No password found
[2024-03-24 11:28:48.339] [info]  Error: No password found
[2024-03-24 11:28:58.339] [info]  Error: No password found
[2024-03-24 11:29:08.339] [info]  Error: No password found
[2024-03-24 11:29:18.339] [info]  Error: No password found
[2024-03-24 11:29:28.338] [info]  Error: No password found
[2024-03-24 11:29:38.339] [info]  Error: No password found
[2024-03-24 11:29:48.339] [info]  Error: No password found
[2024-03-24 11:29:58.339] [info]  Error: No password found
[2024-03-24 11:30:08.339] [info]  Error: No password found
[2024-03-24 11:30:18.339] [info]  Error: No password found
[2024-03-24 11:30:28.339] [info]  Error: No password found
[2024-03-24 11:30:38.341] [info]  Error: No password found
[2024-03-24 11:30:48.339] [info]  Error: No password found
[2024-03-24 11:30:58.339] [info]  Error: No password found
[2024-03-24 11:31:08.340] [info]  Error: No password found
[2024-03-24 11:31:18.339] [info]  Error: No password found
[2024-03-24 11:31:28.340] [info]  Error: No password found
[2024-03-24 11:31:38.340] [info]  Error: No password found
[2024-03-24 11:31:48.339] [info]  Error: No password found
[2024-03-24 11:31:58.338] [info]  Error: No password found
[2024-03-24 11:32:08.339] [info]  Error: No password found
[2024-03-24 11:32:18.339] [info]  Error: No password found
[2024-03-24 11:32:28.339] [info]  Error: No password found
[2024-03-24 11:32:38.339] [info]  Error: No password found
[2024-03-24 11:32:48.339] [info]  Error: No password found
[2024-03-24 11:32:58.339] [info]  Error: No password found
[2024-03-24 11:33:08.339] [info]  Error: No password found
[2024-03-24 11:33:18.339] [info]  Error: No password found
[2024-03-24 11:33:28.339] [info]  Error: No password found
[2024-03-24 11:33:38.339] [info]  Error: No password found
[2024-03-24 11:33:48.339] [info]  Error: No password found
[2024-03-24 11:33:58.337] [info]  Error: No password found
[2024-03-24 11:34:08.339] [info]  Error: No password found
[2024-03-24 11:34:18.339] [info]  Error: No password found
[2024-03-24 11:34:28.341] [info]  Error: No password found
[2024-03-24 11:34:38.339] [info]  Error: No password found
[2024-03-24 11:34:48.339] [info]  Error: No password found
[2024-03-24 11:34:58.339] [info]  Error: No password found
[2024-03-24 11:35:08.339] [info]  Error: No password found
[2024-03-24 11:35:18.339] [info]  Error: No password found
[2024-03-24 11:35:28.340] [info]  Error: No password found
[2024-03-24 11:35:38.339] [info]  Error: No password found
[2024-03-24 11:35:48.339] [info]  Error: No password found
[2024-03-24 11:35:58.337] [info]  Error: No password found
[2024-03-24 11:36:08.340] [info]  Error: No password found
[2024-03-24 11:36:18.339] [info]  Error: No password found
[2024-03-24 11:36:28.339] [info]  Error: No password found
[2024-03-24 11:36:38.339] [info]  Error: No password found
[2024-03-24 11:36:48.337] [info]  Error: No password found
[2024-03-24 11:36:58.342] [info]  Error: No password found
[2024-03-24 11:37:08.339] [info]  Error: No password found
[2024-03-24 11:37:18.338] [info]  Error: No password found
[2024-03-24 11:37:28.338] [info]  Error: No password found
[2024-03-24 11:37:38.336] [info]  Error: No password found
[2024-03-24 11:37:48.339] [info]  Error: No password found
[2024-03-24 11:37:58.339] [info]  Error: No password found
[2024-03-24 11:38:08.339] [info]  Error: No password found
[2024-03-24 11:38:18.338] [info]  Error: No password found
[2024-03-24 11:38:28.337] [info]  Error: No password found
[2024-03-24 11:38:38.339] [info]  Error: No password found
[2024-03-24 11:38:48.339] [info]  Error: No password found
[2024-03-24 11:38:58.339] [info]  Error: No password found
[2024-03-24 11:39:08.339] [info]  Error: No password found
[2024-03-24 11:39:18.339] [info]  Error: No password found
[2024-03-24 11:39:28.339] [info]  Error: No password found
[2024-03-24 11:39:38.339] [info]  Error: No password found
[2024-03-24 11:39:48.337] [info]  Error: No password found
[2024-03-24 11:39:58.340] [info]  Error: No password found
[2024-03-24 11:40:08.339] [info]  Error: No password found
[2024-03-24 11:40:18.339] [info]  Error: No password found
[2024-03-24 11:40:28.338] [info]  Error: No password found
[2024-03-24 11:40:38.337] [info]  Error: No password found
[2024-03-24 11:40:48.339] [info]  Error: No password found
[2024-03-24 11:40:58.339] [info]  Error: No password found
[2024-03-24 11:41:08.339] [info]  Error: No password found
[2024-03-24 11:41:18.339] [info]  Error: No password found
[2024-03-24 11:41:28.340] [info]  Error: No password found
[2024-03-24 11:41:38.339] [info]  Error: No password found
[2024-03-24 11:41:48.339] [info]  Error: No password found
[2024-03-24 11:41:58.340] [info]  Error: No password found
[2024-03-24 11:42:08.341] [info]  Error: No password found
[2024-03-24 11:42:14.991] [info]  Error: No password found
[2024-03-24 11:42:24.993] [info]  Error: No password found
[2024-03-24 11:42:34.993] [info]  Error: No password found
[2024-03-24 11:42:44.993] [info]  Error: No password found
[2024-03-24 11:42:54.993] [info]  Error: No password found
[2024-03-24 11:43:04.990] [info]  Error: No password found
[2024-03-24 11:43:14.993] [info]  Error: No password found
[2024-03-24 11:43:24.993] [info]  Error: No password found
[2024-03-24 11:43:34.993] [info]  Error: No password found
[2024-03-24 11:43:44.993] [info]  Error: No password found
[2024-03-24 11:43:54.992] [info]  Error: No password found
[2024-03-24 11:44:04.991] [info]  Error: No password found
[2024-03-24 11:44:14.992] [info]  Error: No password found
[2024-03-24 11:44:24.993] [info]  Error: No password found
[2024-03-24 11:44:34.993] [info]  Error: No password found
[2024-03-24 11:44:44.993] [info]  Error: No password found
[2024-03-24 11:44:54.993] [info]  Error: No password found
[2024-03-24 11:45:04.993] [info]  Error: No password found
[2024-03-24 11:45:14.991] [info]  Error: No password found
[2024-03-24 11:45:24.993] [info]  Error: No password found
[2024-03-24 11:45:34.993] [info]  Error: No password found
[2024-03-24 11:45:44.993] [info]  Error: No password found
[2024-03-24 11:45:54.993] [info]  Error: No password found
[2024-03-24 11:46:04.990] [info]  Error: No password found
[2024-03-24 11:46:14.993] [info]  Error: No password found
[2024-03-24 11:46:24.993] [info]  Error: No password found
[2024-03-24 11:46:34.993] [info]  Error: No password found
[2024-03-24 11:46:44.993] [info]  Error: No password found
[2024-03-24 11:46:54.993] [info]  Error: No password found
[2024-03-24 11:47:04.996] [info]  Error: No password found
[2024-03-24 11:47:14.993] [info]  Error: No password found
[2024-03-24 11:47:24.993] [info]  Error: No password found
[2024-03-24 11:47:34.993] [info]  Error: No password found
[2024-03-24 11:47:44.993] [info]  Error: No password found
[2024-03-24 11:47:54.993] [info]  Error: No password found
[2024-03-24 11:48:04.993] [info]  Error: No password found
[2024-03-24 11:48:14.993] [info]  Error: No password found
[2024-03-24 11:48:24.993] [info]  Error: No password found
[2024-03-24 11:48:34.993] [info]  Error: No password found
[2024-03-24 11:48:44.992] [info]  Error: No password found
[2024-03-24 11:48:54.993] [info]  Error: No password found
[2024-03-24 11:49:04.993] [info]  Error: No password found
[2024-03-24 11:49:14.993] [info]  Error: No password found
[2024-03-24 11:49:24.993] [info]  Error: No password found
[2024-03-24 11:49:34.995] [info]  Error: No password found
[2024-03-24 11:49:44.992] [info]  Error: No password found
[2024-03-24 11:49:54.993] [info]  Error: No password found
[2024-03-24 11:50:04.993] [info]  Error: No password found
[2024-03-24 11:50:14.993] [info]  Error: No password found
[2024-03-24 11:50:24.993] [info]  Error: No password found
[2024-03-24 11:50:34.993] [info]  Error: No password found
[2024-03-24 11:50:44.993] [info]  Error: No password found
[2024-03-24 11:50:54.996] [info]  Error: No password found
[2024-03-24 11:51:04.993] [info]  Error: No password found
[2024-03-24 11:51:14.993] [info]  Error: No password found
[2024-03-24 11:51:24.993] [info]  Error: No password found
[2024-03-24 11:51:34.993] [info]  Error: No password found
[2024-03-24 11:51:44.993] [info]  Error: No password found
[2024-03-24 11:51:54.993] [info]  Error: No password found
[2024-03-24 11:52:04.993] [info]  Error: No password found
[2024-03-24 11:52:14.992] [info]  Error: No password found
[2024-03-24 11:52:24.995] [info]  Error: No password found
[2024-03-24 11:52:34.990] [info]  Error: No password found
[2024-03-24 11:52:44.993] [info]  Error: No password found
[2024-03-24 11:52:54.992] [info]  Error: No password found
[2024-03-24 11:53:04.993] [info]  Error: No password found
[2024-03-24 11:53:14.993] [info]  Error: No password found
[2024-03-24 11:53:24.993] [info]  Error: No password found
[2024-03-24 11:53:34.991] [info]  Error: No password found
[2024-03-24 11:53:44.993] [info]  Error: No password found
[2024-03-24 11:53:54.992] [info]  Error: No password found
[2024-03-24 11:54:04.993] [info]  Error: No password found
[2024-03-24 11:54:14.992] [info]  Error: No password found
[2024-03-24 11:54:24.993] [info]  Error: No password found
[2024-03-24 11:54:34.993] [info]  Error: No password found
[2024-03-24 11:54:44.991] [info]  Error: No password found
[2024-03-24 11:54:54.995] [info]  Error: No password found
[2024-03-24 11:55:04.993] [info]  Error: No password found
[2024-03-24 11:55:14.993] [info]  Error: No password found
[2024-03-24 11:55:24.993] [info]  Error: No password found
[2024-03-24 11:55:34.993] [info]  Error: No password found
[2024-03-24 11:55:44.993] [info]  Error: No password found
[2024-03-24 11:55:54.993] [info]  Error: No password found
[2024-03-24 11:56:04.991] [info]  Error: No password found
[2024-03-24 11:56:14.993] [info]  Error: No password found
[2024-03-24 11:56:24.995] [info]  Error: No password found
[2024-03-24 11:56:34.993] [info]  Error: No password found
[2024-03-24 11:56:44.993] [info]  Error: No password found
[2024-03-24 11:56:54.993] [info]  Error: No password found
[2024-03-24 11:57:04.993] [info]  Error: No password found
[2024-03-24 11:57:14.993] [info]  Error: No password found
[2024-03-24 11:57:24.992] [info]  Error: No password found
[2024-03-24 11:57:34.993] [info]  Error: No password found
[2024-03-24 11:57:44.995] [info]  Error: No password found
[2024-03-24 11:57:54.993] [info]  Error: No password found
[2024-03-24 11:58:04.993] [info]  Error: No password found
[2024-03-24 11:58:14.993] [info]  Error: No password found
[2024-03-24 11:58:24.993] [info]  Error: No password found
[2024-03-24 11:58:34.993] [info]  Error: No password found
[2024-03-24 11:58:44.991] [info]  Error: No password found
[2024-03-24 11:58:54.993] [info]  Error: No password found
[2024-03-24 11:59:04.992] [info]  Error: No password found
[2024-03-24 11:59:14.992] [info]  Error: No password found
[2024-03-24 11:59:24.993] [info]  Error: No password found
[2024-03-24 11:59:34.993] [info]  Error: No password found
[2024-03-24 11:59:44.993] [info]  Error: No password found
[2024-03-24 11:59:54.992] [info]  Error: No password found
[2024-03-24 12:00:04.993] [info]  Error: No password found
[2024-03-24 12:00:14.992] [info]  Error: No password found
[2024-03-24 12:00:24.993] [info]  Error: No password found
[2024-03-24 12:00:34.993] [info]  Error: No password found
[2024-03-24 12:00:44.992] [info]  Error: No password found
[2024-03-24 12:00:54.992] [info]  Error: No password found
[2024-03-24 12:01:04.992] [info]  Error: No password found
[2024-03-24 12:01:14.991] [info]  Error: No password found
[2024-03-24 12:01:24.993] [info]  Error: No password found
[2024-03-24 12:01:34.993] [info]  Error: No password found
[2024-03-24 12:01:44.993] [info]  Error: No password found
[2024-03-24 12:01:54.993] [info]  Error: No password found
[2024-03-24 12:02:04.993] [info]  Error: No password found
[2024-03-24 12:02:14.993] [info]  Error: No password found
[2024-03-26 16:21:16.939] [info]  Error: No password found
[2024-03-26 16:21:23.159] [info]  Error: No password found
[2024-03-26 16:21:33.158] [info]  Error: No password found
[2024-03-26 16:21:43.161] [info]  Error: No password found
[2024-03-26 16:21:53.158] [info]  Error: No password found
[2024-03-26 16:22:03.159] [info]  Error: No password found
[2024-03-26 16:22:13.159] [info]  Error: No password found
[2024-03-26 16:22:23.156] [info]  Error: No password found
[2024-03-26 16:22:33.159] [info]  Error: No password found
[2024-03-26 16:22:43.159] [info]  Error: No password found
[2024-03-26 16:22:53.158] [info]  Error: No password found
[2024-03-26 16:23:03.157] [info]  Error: No password found
[2024-03-26 16:23:13.158] [info]  Error: No password found
[2024-03-26 16:23:23.163] [info]  Error: No password found
[2024-03-26 16:23:33.158] [info]  Error: No password found
[2024-03-26 16:23:43.158] [info]  Error: No password found
[2024-03-26 16:23:53.158] [info]  Error: No password found
[2024-03-26 16:24:03.158] [info]  Error: No password found
[2024-03-26 16:24:13.159] [info]  Error: No password found
[2024-03-26 16:24:23.159] [info]  Error: No password found
[2024-03-26 16:24:33.158] [info]  Error: No password found
[2024-03-26 16:24:43.158] [info]  Error: No password found
[2024-03-26 16:24:53.158] [info]  Error: No password found
[2024-03-26 16:25:03.158] [info]  Error: No password found
[2024-03-26 16:25:13.158] [info]  Error: No password found
[2024-03-26 16:25:23.159] [info]  Error: No password found
[2024-03-26 16:25:33.158] [info]  Error: No password found
[2024-03-26 16:25:43.158] [info]  Error: No password found
[2024-03-26 16:25:53.158] [info]  Error: No password found
[2024-03-26 16:26:03.159] [info]  Error: No password found
[2024-03-26 16:26:13.160] [info]  Error: No password found
[2024-03-26 16:26:23.159] [info]  Error: No password found
[2024-03-26 16:26:33.159] [info]  Error: No password found
[2024-03-26 16:26:43.158] [info]  Error: No password found
[2024-03-26 16:26:53.159] [info]  Error: No password found
[2024-03-26 16:27:03.159] [info]  Error: No password found
[2024-03-26 16:27:13.159] [info]  Error: No password found
[2024-03-26 16:27:23.159] [info]  Error: No password found
[2024-03-26 16:27:33.159] [info]  Error: No password found
[2024-03-26 16:27:43.160] [info]  Error: No password found
[2024-03-26 16:27:53.159] [info]  Error: No password found
[2024-03-26 16:28:03.160] [info]  Error: No password found
[2024-03-26 16:28:13.159] [info]  Error: No password found
[2024-03-26 16:28:23.159] [info]  Error: No password found
[2024-03-26 16:28:23.194] [info]  Error: No password found
[2024-03-26 16:28:23.274] [info]  Error: No password found
[2024-03-26 16:28:33.164] [info]  Error: No password found
[2024-03-26 16:28:43.158] [info]  Error: No password found
[2024-03-26 16:28:53.159] [info]  Error: No password found
[2024-03-26 16:29:03.159] [info]  Error: No password found
[2024-03-26 16:29:13.158] [info]  Error: No password found
[2024-03-26 16:29:23.159] [info]  Error: No password found
[2024-03-26 16:29:33.159] [info]  Error: No password found
[2024-03-26 16:29:43.159] [info]  Error: No password found
[2024-03-26 16:29:53.159] [info]  Error: No password found
[2024-03-26 16:30:03.159] [info]  Error: No password found
[2024-03-26 16:30:13.159] [info]  Error: No password found
[2024-03-26 16:30:23.158] [info]  Error: No password found
[2024-03-26 16:30:33.159] [info]  Error: No password found
[2024-03-26 16:30:43.159] [info]  Error: No password found
[2024-03-26 16:30:53.159] [info]  Error: No password found
[2024-03-26 16:31:03.159] [info]  Error: No password found
[2024-03-26 16:31:13.159] [info]  Error: No password found
[2024-03-27 16:45:26.323] [info]  Error: No password found
[2024-03-27 16:45:36.328] [info]  Error: No password found
[2024-03-27 16:45:46.327] [info]  Error: No password found
[2024-03-27 16:45:56.326] [info]  Error: No password found
[2024-03-27 16:46:06.326] [info]  Error: No password found
[2024-03-27 16:46:16.326] [info]  Error: No password found
[2024-03-27 16:46:26.326] [info]  Error: No password found
[2024-03-27 16:46:36.326] [info]  Error: No password found
[2024-03-27 16:46:46.326] [info]  Error: No password found
[2024-03-27 16:46:56.326] [info]  Error: No password found
[2024-03-27 16:47:06.328] [info]  Error: No password found
[2024-03-27 16:47:16.326] [info]  Error: No password found
[2024-03-27 16:47:26.332] [info]  Error: No password found
[2024-03-27 16:47:36.329] [info]  Error: No password found
[2024-03-27 16:47:46.326] [info]  Error: No password found
[2024-03-27 16:47:56.327] [info]  Error: No password found
[2024-03-27 16:48:06.326] [info]  Error: No password found
[2024-03-27 16:48:16.324] [info]  Error: No password found
[2024-03-27 16:48:26.327] [info]  Error: No password found
[2024-03-27 16:48:36.326] [info]  Error: No password found
[2024-03-27 16:48:46.328] [info]  Error: No password found
[2024-03-27 16:48:56.326] [info]  Error: No password found
[2024-03-27 16:49:06.328] [info]  Error: No password found
[2024-03-27 16:49:16.326] [info]  Error: No password found
[2024-03-27 16:49:26.326] [info]  Error: No password found
[2024-03-27 16:49:36.326] [info]  Error: No password found
[2024-03-27 16:49:46.326] [info]  Error: No password found
[2024-03-27 16:49:56.326] [info]  Error: No password found
[2024-03-27 16:50:06.326] [info]  Error: No password found
[2024-03-27 16:50:16.326] [info]  Error: No password found
[2024-03-27 16:50:26.326] [info]  Error: No password found
[2024-03-27 16:50:36.328] [info]  Error: No password found
[2024-03-27 16:50:46.326] [info]  Error: No password found
[2024-03-27 16:50:56.326] [info]  Error: No password found
[2024-03-27 16:51:06.326] [info]  Error: No password found
[2024-03-27 16:51:16.326] [info]  Error: No password found
[2024-03-27 16:51:26.326] [info]  Error: No password found
[2024-03-27 16:51:36.326] [info]  Error: No password found
[2024-03-27 16:51:46.325] [info]  Error: No password found
[2024-03-27 16:51:56.324] [info]  Error: No password found
[2024-03-27 16:52:06.326] [info]  Error: No password found
[2024-03-27 16:52:16.326] [info]  Error: No password found
[2024-03-27 16:52:26.326] [info]  Error: No password found
[2024-03-27 16:52:36.326] [info]  Error: No password found
[2024-03-27 16:52:46.326] [info]  Error: No password found
[2024-03-27 16:52:56.326] [info]  Error: No password found
[2024-03-27 16:53:06.326] [info]  Error: No password found
[2024-03-27 16:53:16.324] [info]  Error: No password found
[2024-03-27 16:53:26.326] [info]  Error: No password found
[2024-03-27 16:53:36.326] [info]  Error: No password found
[2024-03-27 16:53:46.326] [info]  Error: No password found
[2024-03-27 16:53:56.326] [info]  Error: No password found
[2024-03-27 16:54:06.326] [info]  Error: No password found
[2024-03-27 16:54:16.324] [info]  Error: No password found
[2024-03-27 16:54:26.327] [info]  Error: No password found
[2024-03-27 16:54:36.326] [info]  Error: No password found
[2024-03-27 16:54:46.326] [info]  Error: No password found
[2024-03-27 16:54:56.326] [info]  Error: No password found
[2024-03-27 16:55:06.326] [info]  Error: No password found
[2024-03-27 16:55:16.326] [info]  Error: No password found
[2024-03-27 16:55:26.324] [info]  Error: No password found
[2024-03-27 16:55:36.324] [info]  Error: No password found
[2024-03-27 16:55:46.326] [info]  Error: No password found
[2024-03-27 16:55:56.326] [info]  Error: No password found
[2024-03-27 16:56:06.326] [info]  Error: No password found
[2024-03-27 16:56:16.326] [info]  Error: No password found
[2024-03-27 16:56:26.326] [info]  Error: No password found
[2024-03-27 16:56:36.326] [info]  Error: No password found
[2024-03-27 16:56:46.324] [info]  Error: No password found
[2024-03-27 16:56:56.327] [info]  Error: No password found
[2024-03-27 16:57:06.326] [info]  Error: No password found
[2024-03-27 16:57:16.324] [info]  Error: No password found
[2024-03-27 16:57:26.326] [info]  Error: No password found
[2024-03-27 16:57:36.326] [info]  Error: No password found
[2024-03-27 16:57:46.327] [info]  Error: No password found
[2024-03-27 16:57:56.326] [info]  Error: No password found
[2024-03-27 16:58:06.326] [info]  Error: No password found
[2024-03-27 16:58:16.326] [info]  Error: No password found
[2024-03-27 16:58:26.326] [info]  Error: No password found
[2024-03-27 16:58:36.324] [info]  Error: No password found
[2024-03-27 16:58:46.326] [info]  Error: No password found
[2024-03-27 16:58:56.327] [info]  Error: No password found
[2024-03-27 16:59:06.326] [info]  Error: No password found
[2024-03-27 16:59:16.326] [info]  Error: No password found
[2024-03-27 16:59:26.326] [info]  Error: No password found
[2024-03-27 16:59:36.326] [info]  Error: No password found
[2024-03-27 16:59:46.326] [info]  Error: No password found
[2024-03-27 16:59:56.326] [info]  Error: No password found
[2024-03-27 17:00:06.326] [info]  Error: No password found
[2024-03-27 17:00:16.326] [info]  Error: No password found
[2024-03-27 17:00:26.328] [info]  Error: No password found
[2024-03-27 17:00:36.326] [info]  Error: No password found
[2024-03-27 17:00:46.326] [info]  Error: No password found
[2024-03-27 17:00:56.326] [info]  Error: No password found
[2024-03-27 17:01:06.326] [info]  Error: No password found
[2024-03-27 17:01:16.326] [info]  Error: No password found
[2024-03-27 17:01:26.324] [info]  Error: No password found
[2024-03-27 17:01:36.326] [info]  Error: No password found
[2024-03-27 17:01:46.326] [info]  Error: No password found
[2024-03-27 17:01:56.328] [info]  Error: No password found
[2024-03-27 17:02:06.326] [info]  Error: No password found
[2024-03-27 17:02:16.326] [info]  Error: No password found
[2024-03-27 17:02:26.326] [info]  Error: No password found
[2024-03-27 17:02:36.326] [info]  Error: No password found
[2024-03-27 17:02:46.326] [info]  Error: No password found
[2024-03-27 17:02:56.326] [info]  Error: No password found
[2024-03-27 17:03:06.326] [info]  Error: No password found
[2024-03-27 17:03:16.326] [info]  Error: No password found
[2024-03-27 17:03:26.326] [info]  Error: No password found
[2024-03-27 17:03:36.324] [info]  Error: No password found
[2024-03-27 17:03:46.326] [info]  Error: No password found
[2024-03-27 17:03:56.326] [info]  Error: No password found
[2024-03-27 17:04:06.326] [info]  Error: No password found
[2024-03-27 17:04:16.326] [info]  Error: No password found
[2024-03-27 17:04:26.326] [info]  Error: No password found
[2024-03-27 17:04:36.326] [info]  Error: No password found
[2024-03-27 17:04:46.325] [info]  Error: No password found
[2024-03-27 17:04:56.327] [info]  Error: No password found
[2024-03-27 17:05:06.326] [info]  Error: No password found
[2024-03-27 17:05:16.326] [info]  Error: No password found
[2024-03-27 17:05:26.324] [info]  Error: No password found
[2024-03-27 17:05:36.327] [info]  Error: No password found
[2024-03-27 17:05:46.326] [info]  Error: No password found
[2024-03-27 17:05:56.326] [info]  Error: No password found
[2024-03-27 17:06:06.326] [info]  Error: No password found
[2024-03-27 17:06:16.326] [info]  Error: No password found
[2024-03-27 17:06:26.327] [info]  Error: No password found
[2024-03-27 17:06:36.326] [info]  Error: No password found
[2024-03-27 17:06:46.326] [info]  Error: No password found
[2024-03-27 17:06:56.326] [info]  Error: No password found
[2024-03-27 17:07:06.326] [info]  Error: No password found
[2024-03-27 17:07:16.326] [info]  Error: No password found
[2024-03-27 17:07:26.327] [info]  Error: No password found
[2024-03-27 17:07:36.326] [info]  Error: No password found
[2024-03-27 17:07:46.326] [info]  Error: No password found
[2024-03-27 17:07:56.327] [info]  Error: No password found
[2024-03-27 17:08:06.326] [info]  Error: No password found
[2024-03-27 17:08:16.326] [info]  Error: No password found
[2024-03-27 17:08:26.327] [info]  Error: No password found
[2024-03-27 17:08:36.326] [info]  Error: No password found
[2024-03-27 17:08:46.326] [info]  Error: No password found
[2024-03-27 17:08:56.326] [info]  Error: No password found
[2024-03-27 17:09:06.326] [info]  Error: No password found
[2024-03-27 17:09:16.326] [info]  Error: No password found
[2024-03-27 17:09:26.324] [info]  Error: No password found
[2024-03-27 17:09:36.326] [info]  Error: No password found
[2024-03-27 17:09:46.326] [info]  Error: No password found
[2024-03-27 17:09:56.326] [info]  Error: No password found
[2024-03-27 17:10:06.326] [info]  Error: No password found
[2024-03-27 17:10:16.326] [info]  Error: No password found
[2024-03-27 17:10:26.326] [info]  Error: No password found
[2024-03-27 17:10:36.326] [info]  Error: No password found
[2024-03-27 17:10:46.326] [info]  Error: No password found
[2024-03-27 17:10:56.326] [info]  Error: No password found
[2024-03-27 17:11:06.326] [info]  Error: No password found
[2024-03-27 17:11:16.324] [info]  Error: No password found
[2024-03-27 17:11:26.325] [info]  Error: No password found
[2024-03-27 17:11:36.326] [info]  Error: No password found
[2024-03-27 17:11:46.324] [info]  Error: No password found
[2024-03-27 19:48:26.072] [info]  Error: No password found
[2024-03-27 19:48:36.056] [info]  Error: No password found
[2024-03-27 19:48:46.054] [info]  Error: No password found
[2024-03-27 19:48:56.052] [info]  Error: No password found
[2024-03-27 19:49:06.054] [info]  Error: No password found
[2024-03-27 19:49:16.052] [info]  Error: No password found
[2024-03-27 19:49:26.052] [info]  Error: No password found
[2024-03-27 19:49:36.053] [info]  Error: No password found
[2024-03-27 19:49:46.054] [info]  Error: No password found
[2024-03-27 19:49:56.054] [info]  Error: No password found
[2024-03-27 19:50:06.054] [info]  Error: No password found
[2024-03-27 19:50:16.053] [info]  Error: No password found
[2024-03-27 19:50:26.054] [info]  Error: No password found
[2024-03-27 19:50:36.053] [info]  Error: No password found
[2024-03-27 19:50:46.053] [info]  Error: No password found
[2024-03-27 19:50:56.053] [info]  Error: No password found
[2024-03-27 19:51:06.055] [info]  Error: No password found
[2024-03-27 19:51:16.054] [info]  Error: No password found
[2024-03-27 19:51:26.054] [info]  Error: No password found
[2024-03-27 19:51:36.054] [info]  Error: No password found
[2024-03-27 19:51:46.054] [info]  Error: No password found
[2024-03-27 19:51:56.054] [info]  Error: No password found
[2024-03-27 19:52:06.052] [info]  Error: No password found
[2024-03-27 19:52:16.053] [info]  Error: No password found
[2024-03-27 19:52:26.053] [info]  Error: No password found
[2024-03-27 19:52:36.054] [info]  Error: No password found
[2024-03-27 19:52:46.054] [info]  Error: No password found
[2024-03-27 19:52:56.054] [info]  Error: No password found
[2024-03-27 19:53:06.051] [info]  Error: No password found
[2024-03-27 19:53:16.053] [info]  Error: No password found
[2024-03-27 19:53:26.053] [info]  Error: No password found
[2024-03-27 19:53:36.054] [info]  Error: No password found
[2024-03-27 19:53:46.053] [info]  Error: No password found
[2024-03-27 19:53:56.054] [info]  Error: No password found
[2024-03-27 19:54:06.053] [info]  Error: No password found
[2024-03-27 19:54:16.053] [info]  Error: No password found
[2024-03-27 19:54:26.053] [info]  Error: No password found
[2024-03-27 19:54:36.053] [info]  Error: No password found
[2024-03-27 19:54:46.053] [info]  Error: No password found
[2024-03-27 19:54:56.053] [info]  Error: No password found
[2024-03-27 19:55:06.053] [info]  Error: No password found
[2024-03-27 19:55:16.053] [info]  Error: No password found
[2024-03-27 19:55:26.053] [info]  Error: No password found
[2024-03-27 19:55:36.054] [info]  Error: No password found
[2024-03-27 19:55:46.053] [info]  Error: No password found
[2024-03-27 19:55:56.054] [info]  Error: No password found
[2024-03-27 19:56:06.054] [info]  Error: No password found
[2024-03-27 19:56:16.054] [info]  Error: No password found
[2024-03-27 19:56:26.054] [info]  Error: No password found
[2024-03-27 19:56:36.054] [info]  Error: No password found
[2024-03-27 19:56:46.053] [info]  Error: No password found
[2024-03-27 19:56:56.054] [info]  Error: No password found
[2024-03-27 19:57:06.053] [info]  Error: No password found
[2024-03-27 19:57:16.054] [info]  Error: No password found
[2024-03-27 19:57:26.053] [info]  Error: No password found
[2024-03-27 19:57:36.054] [info]  Error: No password found
[2024-03-27 19:57:46.053] [info]  Error: No password found
[2024-03-27 19:57:56.053] [info]  Error: No password found
[2024-03-27 19:58:06.053] [info]  Error: No password found
[2024-03-27 19:58:16.054] [info]  Error: No password found
[2024-03-27 19:58:26.053] [info]  Error: No password found
[2024-03-27 19:58:36.053] [info]  Error: No password found
[2024-03-27 19:58:46.053] [info]  Error: No password found
[2024-03-27 19:58:56.053] [info]  Error: No password found
[2024-03-27 19:59:06.053] [info]  Error: No password found
[2024-03-27 19:59:16.053] [info]  Error: No password found
[2024-03-27 19:59:26.053] [info]  Error: No password found
[2024-03-27 19:59:36.053] [info]  Error: No password found
[2024-03-27 19:59:46.053] [info]  Error: No password found
[2024-03-27 19:59:56.052] [info]  Error: No password found
[2024-03-27 20:00:06.053] [info]  Error: No password found
[2024-03-27 20:00:16.053] [info]  Error: No password found
[2024-03-27 20:00:26.054] [info]  Error: No password found
[2024-03-27 20:00:36.053] [info]  Error: No password found
[2024-03-27 20:00:46.054] [info]  Error: No password found
[2024-03-27 20:00:56.054] [info]  Error: No password found
[2024-03-27 20:01:06.054] [info]  Error: No password found
[2024-03-27 20:01:16.053] [info]  Error: No password found
[2024-03-27 20:01:26.053] [info]  Error: No password found
[2024-03-27 20:01:36.054] [info]  Error: No password found
[2024-03-27 20:01:46.054] [info]  Error: No password found
[2024-03-27 20:01:56.054] [info]  Error: No password found
[2024-03-27 20:02:06.053] [info]  Error: No password found
[2024-03-27 20:02:16.054] [info]  Error: No password found
[2024-03-27 20:02:26.053] [info]  Error: No password found
[2024-03-27 20:02:36.053] [info]  Error: No password found
[2024-03-27 20:02:46.053] [info]  Error: No password found
[2024-03-27 20:02:56.053] [info]  Error: No password found
[2024-03-27 20:03:06.053] [info]  Error: No password found
[2024-03-27 20:03:16.053] [info]  Error: No password found
[2024-03-27 20:03:26.053] [info]  Error: No password found
[2024-03-29 10:06:52.945] [info]  Error: No password found
[2024-03-29 10:07:00.109] [info]  Error: No password found
[2024-03-29 10:07:10.112] [info]  Error: No password found
[2024-03-29 10:07:20.107] [info]  Error: No password found
[2024-03-29 10:07:30.109] [info]  Error: No password found
[2024-03-29 10:07:40.109] [info]  Error: No password found
[2024-03-29 10:07:50.109] [info]  Error: No password found
[2024-03-29 10:08:00.109] [info]  Error: No password found
[2024-03-29 10:08:10.108] [info]  Error: No password found
[2024-03-29 10:08:20.109] [info]  Error: No password found
[2024-03-29 10:08:30.109] [info]  Error: No password found
[2024-03-29 10:08:40.109] [info]  Error: No password found
[2024-03-29 10:08:50.109] [info]  Error: No password found
[2024-03-29 10:09:00.109] [info]  Error: No password found
[2024-03-29 10:09:10.109] [info]  Error: No password found
[2024-03-29 10:09:20.108] [info]  Error: No password found
[2024-03-29 10:09:30.107] [info]  Error: No password found
[2024-03-29 10:09:40.109] [info]  Error: No password found
[2024-03-29 10:09:50.109] [info]  Error: No password found
[2024-03-29 10:10:00.109] [info]  Error: No password found
[2024-03-29 10:10:10.109] [info]  Error: No password found
[2024-03-29 10:10:20.109] [info]  Error: No password found
[2024-03-29 10:10:30.109] [info]  Error: No password found
[2024-03-29 10:10:40.109] [info]  Error: No password found
[2024-03-29 10:10:50.108] [info]  Error: No password found
[2024-03-29 10:11:00.109] [info]  Error: No password found
[2024-03-29 10:11:10.110] [info]  Error: No password found
[2024-03-29 10:11:20.109] [info]  Error: No password found
[2024-03-29 10:11:30.109] [info]  Error: No password found
[2024-03-29 10:11:40.109] [info]  Error: No password found
[2024-03-29 10:11:50.107] [info]  Error: No password found
[2024-03-29 10:12:00.109] [info]  Error: No password found
[2024-03-29 10:12:10.109] [info]  Error: No password found
[2024-03-29 10:12:20.109] [info]  Error: No password found
[2024-03-29 10:12:30.109] [info]  Error: No password found
[2024-03-29 10:12:40.109] [info]  Error: No password found
[2024-03-29 10:12:50.108] [info]  Error: No password found
[2024-03-29 10:13:00.107] [info]  Error: No password found
[2024-03-29 10:13:10.108] [info]  Error: No password found
[2024-03-29 10:13:20.109] [info]  Error: No password found
[2024-03-29 10:13:30.109] [info]  Error: No password found
[2024-03-29 10:13:40.109] [info]  Error: No password found
[2024-03-29 10:13:50.109] [info]  Error: No password found
[2024-03-29 10:14:00.109] [info]  Error: No password found
[2024-03-29 10:14:10.107] [info]  Error: No password found
[2024-03-29 10:14:20.109] [info]  Error: No password found
[2024-03-29 10:14:30.109] [info]  Error: No password found
[2024-03-29 10:14:40.109] [info]  Error: No password found
[2024-03-29 10:14:50.109] [info]  Error: No password found
[2024-03-29 10:15:00.109] [info]  Error: No password found
[2024-03-29 10:15:10.109] [info]  Error: No password found
[2024-03-29 10:15:20.109] [info]  Error: No password found
[2024-03-29 10:15:30.109] [info]  Error: No password found
[2024-03-29 10:15:40.109] [info]  Error: No password found
[2024-03-29 10:15:50.109] [info]  Error: No password found
[2024-03-29 10:16:00.109] [info]  Error: No password found
[2024-03-29 10:16:10.109] [info]  Error: No password found
[2024-03-29 10:16:20.109] [info]  Error: No password found
[2024-03-29 10:16:30.109] [info]  Error: No password found
[2024-03-29 10:16:40.107] [info]  Error: No password found
[2024-03-29 10:16:50.109] [info]  Error: No password found
[2024-03-30 09:17:20.069] [info]  Error: No password found
[2024-03-30 09:17:30.069] [info]  Error: No password found
[2024-03-30 09:17:40.073] [info]  Error: No password found
[2024-03-30 09:17:50.067] [info]  Error: No password found
[2024-03-30 09:18:00.069] [info]  Error: No password found
[2024-03-30 09:18:10.069] [info]  Error: No password found
[2024-03-30 09:18:20.069] [info]  Error: No password found
[2024-03-30 09:18:30.067] [info]  Error: No password found
[2024-03-30 09:18:40.067] [info]  Error: No password found
[2024-03-30 09:18:50.070] [info]  Error: No password found
[2024-03-30 09:19:00.069] [info]  Error: No password found
[2024-03-30 09:19:10.070] [info]  Error: No password found
[2024-03-30 09:19:20.067] [info]  Error: No password found
[2024-03-30 09:19:30.067] [info]  Error: No password found
[2024-03-30 09:19:40.069] [info]  Error: No password found
[2024-03-30 09:19:50.070] [info]  Error: No password found
[2024-03-30 09:20:00.069] [info]  Error: No password found
[2024-03-30 09:20:10.069] [info]  Error: No password found
[2024-03-30 09:20:20.067] [info]  Error: No password found
[2024-03-30 09:20:30.067] [info]  Error: No password found
[2024-03-30 09:20:40.069] [info]  Error: No password found
[2024-03-30 09:20:50.067] [info]  Error: No password found
[2024-03-30 09:21:00.067] [info]  Error: No password found
[2024-03-30 09:21:10.069] [info]  Error: No password found
[2024-03-30 09:21:20.067] [info]  Error: No password found
[2024-03-30 09:21:30.069] [info]  Error: No password found
[2024-03-30 09:21:40.069] [info]  Error: No password found
[2024-03-30 09:21:50.068] [info]  Error: No password found
[2024-03-30 09:22:00.069] [info]  Error: No password found
[2024-03-30 09:22:10.067] [info]  Error: No password found
[2024-03-30 09:22:20.067] [info]  Error: No password found
[2024-03-30 09:22:30.069] [info]  Error: No password found
[2024-03-30 09:22:30.105] [info]  Error: No password found
[2024-03-30 09:22:30.211] [info]  Error: No password found
[2024-03-30 09:22:40.068] [info]  Error: No password found
[2024-03-30 09:22:50.067] [info]  Error: No password found
[2024-03-30 09:23:00.069] [info]  Error: No password found
[2024-03-30 09:23:10.069] [info]  Error: No password found
[2024-03-30 09:23:20.071] [info]  Error: No password found
[2024-03-30 09:23:30.069] [info]  Error: No password found
[2024-03-30 09:23:40.067] [info]  Error: No password found
[2024-03-30 09:23:50.069] [info]  Error: No password found
[2024-03-30 09:24:00.069] [info]  Error: No password found
[2024-03-30 09:24:10.069] [info]  Error: No password found
[2024-03-30 09:24:20.068] [info]  Error: No password found
[2024-03-30 09:24:30.070] [info]  Error: No password found
[2024-03-30 09:24:40.069] [info]  Error: No password found
[2024-03-30 09:24:50.068] [info]  Error: No password found
[2024-03-30 09:25:00.068] [info]  Error: No password found
[2024-03-30 09:25:10.068] [info]  Error: No password found
[2024-03-30 09:25:20.067] [info]  Error: No password found
[2024-03-30 09:25:30.070] [info]  Error: No password found
[2024-03-30 09:25:40.069] [info]  Error: No password found
[2024-03-30 09:25:50.068] [info]  Error: No password found
[2024-03-30 09:26:00.068] [info]  Error: No password found
[2024-03-30 09:26:10.069] [info]  Error: No password found
[2024-03-30 09:26:20.070] [info]  Error: No password found
[2024-03-30 09:26:30.067] [info]  Error: No password found
[2024-03-30 09:26:40.068] [info]  Error: No password found
[2024-03-30 09:26:50.068] [info]  Error: No password found
[2024-03-30 09:27:00.070] [info]  Error: No password found
[2024-03-30 09:27:10.069] [info]  Error: No password found
[2024-03-30 09:27:20.069] [info]  Error: No password found
[2024-03-30 09:27:30.068] [info]  Error: No password found
[2024-03-30 09:27:40.069] [info]  Error: No password found
[2024-03-30 09:29:00.945] [info]  Error: No password found
[2024-03-30 09:29:07.913] [info]  Error: No password found
[2024-03-30 09:29:17.913] [info]  Error: No password found
[2024-03-30 09:29:27.913] [info]  Error: No password found
[2024-03-30 09:29:37.913] [info]  Error: No password found
[2024-03-30 09:29:47.913] [info]  Error: No password found
[2024-03-30 09:29:57.913] [info]  Error: No password found
[2024-03-30 09:30:07.913] [info]  Error: No password found
[2024-03-30 09:30:17.914] [info]  Error: No password found
[2024-03-30 09:30:27.913] [info]  Error: No password found
[2024-03-30 09:30:37.913] [info]  Error: No password found
[2024-03-30 09:30:47.912] [info]  Error: No password found
[2024-03-30 09:30:57.913] [info]  Error: No password found
[2024-03-30 09:31:07.913] [info]  Error: No password found
[2024-03-30 09:31:17.913] [info]  Error: No password found
[2024-03-30 09:31:27.913] [info]  Error: No password found
[2024-03-30 09:31:37.913] [info]  Error: No password found
[2024-03-30 09:31:47.913] [info]  Error: No password found
[2024-03-30 09:31:57.913] [info]  Error: No password found
[2024-03-30 09:32:07.913] [info]  Error: No password found
[2024-03-30 09:32:17.913] [info]  Error: No password found
[2024-03-30 09:32:27.915] [info]  Error: No password found
[2024-03-30 09:32:37.913] [info]  Error: No password found
[2024-03-30 09:32:47.913] [info]  Error: No password found
[2024-03-30 09:32:57.911] [info]  Error: No password found
[2024-03-30 09:33:07.913] [info]  Error: No password found
[2024-03-30 09:33:17.913] [info]  Error: No password found
[2024-03-30 09:33:27.913] [info]  Error: No password found
[2024-03-30 09:33:37.914] [info]  Error: No password found
[2024-03-30 09:33:47.913] [info]  Error: No password found
[2024-03-30 09:33:57.913] [info]  Error: No password found
[2024-03-30 09:34:07.913] [info]  Error: No password found
[2024-03-30 09:34:17.914] [info]  Error: No password found
[2024-03-30 09:34:27.913] [info]  Error: No password found
[2024-03-30 09:34:37.911] [info]  Error: No password found
[2024-03-30 09:34:47.913] [info]  Error: No password found
[2024-03-30 09:34:57.913] [info]  Error: No password found
[2024-03-30 09:35:07.913] [info]  Error: No password found
[2024-03-30 09:35:17.913] [info]  Error: No password found
[2024-03-30 09:35:27.913] [info]  Error: No password found
[2024-03-30 09:35:37.913] [info]  Error: No password found
[2024-03-30 09:35:47.913] [info]  Error: No password found
[2024-03-30 09:35:57.912] [info]  Error: No password found
[2024-03-30 09:36:07.913] [info]  Error: No password found
[2024-03-30 09:36:17.913] [info]  Error: No password found
[2024-03-30 09:36:27.913] [info]  Error: No password found
[2024-03-30 09:36:37.913] [info]  Error: No password found
[2024-03-30 09:36:47.911] [info]  Error: No password found
[2024-03-30 09:36:57.913] [info]  Error: No password found
[2024-03-30 09:37:07.913] [info]  Error: No password found
[2024-03-30 09:37:17.913] [info]  Error: No password found
[2024-03-30 09:37:27.913] [info]  Error: No password found
[2024-03-30 09:37:37.914] [info]  Error: No password found
[2024-03-30 09:37:47.913] [info]  Error: No password found
[2024-03-30 09:37:57.913] [info]  Error: No password found
[2024-03-30 09:38:07.914] [info]  Error: No password found
[2024-03-30 09:38:17.913] [info]  Error: No password found
[2024-03-30 09:38:27.913] [info]  Error: No password found
[2024-03-30 09:38:37.913] [info]  Error: No password found
[2024-03-30 09:38:47.913] [info]  Error: No password found
[2024-03-30 09:38:57.915] [info]  Error: No password found
[2024-03-30 09:39:07.913] [info]  Error: No password found
[2024-03-30 09:39:17.913] [info]  Error: No password found
[2024-03-30 09:39:27.913] [info]  Error: No password found
[2024-03-30 09:39:37.913] [info]  Error: No password found
[2024-03-30 09:40:22.123] [info]  Error: No password found
[2024-03-30 09:40:32.119] [info]  Error: No password found
[2024-03-30 09:40:42.119] [info]  Error: No password found
[2024-03-30 09:40:52.121] [info]  Error: No password found
[2024-03-30 09:41:02.121] [info]  Error: No password found
[2024-03-30 09:41:12.121] [info]  Error: No password found
[2024-03-30 09:41:22.121] [info]  Error: No password found
[2024-03-30 09:41:32.121] [info]  Error: No password found
[2024-03-30 09:41:42.121] [info]  Error: No password found
[2024-03-30 09:41:52.121] [info]  Error: No password found
[2024-03-30 09:42:02.122] [info]  Error: No password found
[2024-03-30 09:42:12.121] [info]  Error: No password found
[2024-03-30 09:42:22.122] [info]  Error: No password found
[2024-03-30 09:42:32.121] [info]  Error: No password found
[2024-03-30 09:42:42.121] [info]  Error: No password found
[2024-03-30 09:42:52.121] [info]  Error: No password found
[2024-03-30 09:43:02.121] [info]  Error: No password found
[2024-03-30 09:43:12.121] [info]  Error: No password found
[2024-03-30 09:43:22.121] [info]  Error: No password found
[2024-03-30 09:43:32.121] [info]  Error: No password found
[2024-03-30 09:43:42.121] [info]  Error: No password found
[2024-03-30 09:43:52.119] [info]  Error: No password found
[2024-03-30 09:44:02.121] [info]  Error: No password found
[2024-03-30 09:44:12.121] [info]  Error: No password found
[2024-03-30 09:44:22.121] [info]  Error: No password found
[2024-03-30 09:44:32.121] [info]  Error: No password found
[2024-03-30 09:44:42.122] [info]  Error: No password found
[2024-03-30 09:44:52.121] [info]  Error: No password found
[2024-03-30 09:45:02.121] [info]  Error: No password found
[2024-03-30 09:45:12.121] [info]  Error: No password found
[2024-03-30 09:45:22.123] [info]  Error: No password found
[2024-03-30 09:45:32.121] [info]  Error: No password found
[2024-03-30 09:45:42.122] [info]  Error: No password found
[2024-03-30 09:45:52.121] [info]  Error: No password found
[2024-03-30 09:46:02.121] [info]  Error: No password found
[2024-03-30 09:46:12.122] [info]  Error: No password found
[2024-03-30 09:46:22.121] [info]  Error: No password found
[2024-03-30 09:46:32.121] [info]  Error: No password found
[2024-03-30 09:46:42.121] [info]  Error: No password found
[2024-03-30 09:46:52.123] [info]  Error: No password found
[2024-03-30 09:47:02.120] [info]  Error: No password found
[2024-03-30 09:47:12.120] [info]  Error: No password found
[2024-03-30 09:47:22.121] [info]  Error: No password found
[2024-03-30 09:47:32.121] [info]  Error: No password found
[2024-03-30 09:47:42.121] [info]  Error: No password found
[2024-03-30 09:47:52.121] [info]  Error: No password found
[2024-03-30 09:48:02.119] [info]  Error: No password found
[2024-03-30 09:48:12.121] [info]  Error: No password found
[2024-03-30 09:48:22.122] [info]  Error: No password found
[2024-03-30 09:48:32.121] [info]  Error: No password found
[2024-03-30 09:48:42.122] [info]  Error: No password found
[2024-03-30 09:48:52.121] [info]  Error: No password found
[2024-03-30 09:49:02.121] [info]  Error: No password found
[2024-03-30 09:49:12.121] [info]  Error: No password found
[2024-03-30 09:49:22.122] [info]  Error: No password found
[2024-03-30 09:49:32.119] [info]  Error: No password found
[2024-03-30 09:49:42.122] [info]  Error: No password found
[2024-03-30 09:49:52.121] [info]  Error: No password found
[2024-03-30 09:50:02.121] [info]  Error: No password found
[2024-03-30 09:50:12.121] [info]  Error: No password found
[2024-03-30 09:50:22.121] [info]  Error: No password found
[2024-03-30 09:50:32.122] [info]  Error: No password found
[2024-03-30 09:50:42.121] [info]  Error: No password found
[2024-03-30 09:50:52.121] [info]  Error: No password found
[2024-03-30 09:51:02.121] [info]  Error: No password found
[2024-03-30 09:51:12.122] [info]  Error: No password found
[2024-03-30 09:51:22.121] [info]  Error: No password found
[2024-03-30 09:51:24.821] [info]  Error: No password found
[2024-03-30 09:51:34.820] [info]  Error: No password found
[2024-03-30 09:51:44.821] [info]  Error: No password found
[2024-03-30 09:51:54.821] [info]  Error: No password found
[2024-03-30 09:52:04.821] [info]  Error: No password found
[2024-03-30 09:52:14.822] [info]  Error: No password found
[2024-03-30 09:52:24.822] [info]  Error: No password found
[2024-03-30 09:52:34.824] [info]  Error: No password found
[2024-03-30 09:52:44.820] [info]  Error: No password found
[2024-03-30 09:52:54.821] [info]  Error: No password found
[2024-03-30 09:53:00.399] [info]  Finished search indexing
[2024-03-31 10:45:48.811] [info]  State version: 26
[2024-03-31 10:45:48.816] [info]  Migrator MinVersionMigrator (to version 2) should migrate: false - up
[2024-03-31 10:45:48.816] [info]  Migrator FixPremiumMigrator (to version 3) should migrate: false - up
[2024-03-31 10:45:48.817] [info]  Migrator RemoveEverBeenUnlockedMigrator (to version 4) should migrate: false - up
[2024-03-31 10:45:48.817] [info]  Migrator AddKeyTypeToOrgKeysMigrator (to version 5) should migrate: false - up
[2024-03-31 10:45:48.817] [info]  Migrator RemoveLegacyEtmKeyMigrator (to version 6) should migrate: false - up
[2024-03-31 10:45:48.818] [info]  Migrator MoveBiometricAutoPromptToAccount (to version 7) should migrate: false - up
[2024-03-31 10:45:48.818] [info]  Migrator MoveStateVersionMigrator (to version 8) should migrate: false - up
[2024-03-31 10:45:48.818] [info]  Migrator MoveBrowserSettingsToGlobal (to version 9) should migrate: false - up
[2024-03-31 10:45:48.819] [info]  Migrator EverHadUserKeyMigrator (to version 10) should migrate: false - up
[2024-03-31 10:45:48.819] [info]  Migrator OrganizationKeyMigrator (to version 11) should migrate: false - up
[2024-03-31 10:45:48.819] [info]  Migrator MoveEnvironmentStateToProviders (to version 12) should migrate: false - up
[2024-03-31 10:45:48.819] [info]  Migrator ProviderKeyMigrator (to version 13) should migrate: false - up
[2024-03-31 10:45:48.819] [info]  Migrator MoveBiometricClientKeyHalfToStateProviders (to version 14) should migrate: false - up
[2024-03-31 10:45:48.820] [info]  Migrator FolderMigrator (to version 15) should migrate: false - up
[2024-03-31 10:45:48.820] [info]  Migrator LastSyncMigrator (to version 16) should migrate: false - up
[2024-03-31 10:45:48.820] [info]  Migrator EnablePasskeysMigrator (to version 17) should migrate: false - up
[2024-03-31 10:45:48.820] [info]  Migrator AutofillSettingsKeyMigrator (to version 18) should migrate: false - up
[2024-03-31 10:45:48.820] [info]  Migrator RequirePasswordOnStartMigrator (to version 19) should migrate: false - up
[2024-03-31 10:45:48.820] [info]  Migrator PrivateKeyMigrator (to version 20) should migrate: false - up
[2024-03-31 10:45:48.820] [info]  Migrator CollectionMigrator (to version 21) should migrate: false - up
[2024-03-31 10:45:48.821] [info]  Migrator CollapsedGroupingsMigrator (to version 22) should migrate: false - up
[2024-03-31 10:45:48.821] [info]  Migrator MoveBiometricPromptsToStateProviders (to version 23) should migrate: false - up
[2024-03-31 10:45:48.821] [info]  Migrator SmOnboardingTasksMigrator (to version 24) should migrate: false - up
[2024-03-31 10:45:48.821] [info]  Migrator ClearClipboardDelayMigrator (to version 25) should migrate: false - up
[2024-03-31 10:45:48.821] [info]  Migrator RevertLastSyncMigrator (to version 26) should migrate: false - up
[2024-03-31 10:45:52.215] [info]  State version: 26
[2024-03-31 10:45:52.315] [info]  Error: No password found
[2024-03-31 10:45:52.586] [info]  Error: No password found
[2024-03-31 10:45:52.605] [info]  Error: No password found
[2024-03-31 10:45:52.673] [info]  Error: No password found
[2024-03-31 10:45:52.674] [info]  Error: No password found
[2024-03-31 10:45:52.716] [info]  Error: No password found
[2024-03-31 10:45:52.731] [info]  Error: No password found
[2024-03-31 10:45:53.557] [info]  Error: No password found
[2024-03-31 10:45:53.671] [info]  Error: No password found
[2024-03-31 10:45:54.093] [info]  Error: No password found
[2024-03-31 10:45:54.153] [info]  Error: No password found
[2024-03-31 10:45:54.156] [info]  Error: No password found
[2024-03-31 10:45:54.224] [info]  Error: No password found
[2024-03-31 10:45:55.647] [info]  Error: No password found
[2024-03-31 10:45:58.068] [info]  Finished search indexing
[2024-03-31 18:20:02.856] [info]  State version: 26
[2024-03-31 18:20:02.861] [info]  Migrator MinVersionMigrator (to version 2) should migrate: false - up
[2024-03-31 18:20:02.862] [info]  Migrator FixPremiumMigrator (to version 3) should migrate: false - up
[2024-03-31 18:20:02.862] [info]  Migrator RemoveEverBeenUnlockedMigrator (to version 4) should migrate: false - up
[2024-03-31 18:20:02.862] [info]  Migrator AddKeyTypeToOrgKeysMigrator (to version 5) should migrate: false - up
[2024-03-31 18:20:02.863] [info]  Migrator RemoveLegacyEtmKeyMigrator (to version 6) should migrate: false - up
[2024-03-31 18:20:02.863] [info]  Migrator MoveBiometricAutoPromptToAccount (to version 7) should migrate: false - up
[2024-03-31 18:20:02.863] [info]  Migrator MoveStateVersionMigrator (to version 8) should migrate: false - up
[2024-03-31 18:20:02.863] [info]  Migrator MoveBrowserSettingsToGlobal (to version 9) should migrate: false - up
[2024-03-31 18:20:02.864] [info]  Migrator EverHadUserKeyMigrator (to version 10) should migrate: false - up
[2024-03-31 18:20:02.864] [info]  Migrator OrganizationKeyMigrator (to version 11) should migrate: false - up
[2024-03-31 18:20:02.865] [info]  Migrator MoveEnvironmentStateToProviders (to version 12) should migrate: false - up
[2024-03-31 18:20:02.865] [info]  Migrator ProviderKeyMigrator (to version 13) should migrate: false - up
[2024-03-31 18:20:02.865] [info]  Migrator MoveBiometricClientKeyHalfToStateProviders (to version 14) should migrate: false - up
[2024-03-31 18:20:02.865] [info]  Migrator FolderMigrator (to version 15) should migrate: false - up
[2024-03-31 18:20:02.865] [info]  Migrator LastSyncMigrator (to version 16) should migrate: false - up
[2024-03-31 18:20:02.865] [info]  Migrator EnablePasskeysMigrator (to version 17) should migrate: false - up
[2024-03-31 18:20:02.865] [info]  Migrator AutofillSettingsKeyMigrator (to version 18) should migrate: false - up
[2024-03-31 18:20:02.866] [info]  Migrator RequirePasswordOnStartMigrator (to version 19) should migrate: false - up
[2024-03-31 18:20:02.866] [info]  Migrator PrivateKeyMigrator (to version 20) should migrate: false - up
[2024-03-31 18:20:02.866] [info]  Migrator CollectionMigrator (to version 21) should migrate: false - up
[2024-03-31 18:20:02.866] [info]  Migrator CollapsedGroupingsMigrator (to version 22) should migrate: false - up
[2024-03-31 18:20:02.866] [info]  Migrator MoveBiometricPromptsToStateProviders (to version 23) should migrate: false - up
[2024-03-31 18:20:02.866] [info]  Migrator SmOnboardingTasksMigrator (to version 24) should migrate: false - up
[2024-03-31 18:20:02.866] [info]  Migrator ClearClipboardDelayMigrator (to version 25) should migrate: false - up
[2024-03-31 18:20:02.866] [info]  Migrator RevertLastSyncMigrator (to version 26) should migrate: false - up
[2024-03-31 18:20:05.124] [info]  State version: 26
[2024-03-31 18:20:05.141] [info]  Error: No password found
[2024-03-31 18:20:05.168] [info]  Error: No password found
[2024-03-31 18:20:05.173] [info]  Error: No password found
[2024-03-31 18:20:05.227] [info]  Error: No password found
[2024-03-31 18:20:05.228] [info]  Error: No password found
[2024-03-31 18:20:05.267] [info]  Error: No password found
[2024-03-31 18:20:05.276] [info]  Error: No password found
[2024-03-31 18:20:06.219] [info]  Error: No password found
[2024-03-31 18:20:06.303] [info]  Error: No password found
[2024-03-31 18:20:06.550] [info]  Error: No password found
[2024-03-31 18:20:06.594] [info]  Error: No password found
[2024-03-31 18:20:06.595] [info]  Error: No password found
[2024-03-31 18:20:06.679] [info]  Error: No password found
[2024-03-31 18:20:08.204] [info]  Error: No password found
[2024-03-31 18:20:10.156] [info]  Finished search indexing
