00:00:00.001642 main     VirtualBox XPCOM Server 7.0.14 r161095 linux.amd64 (Jan 19 2024 13:54:29) release log
00:00:00.001648 main     Log opened 2024-03-31T18:14:57.619436000Z
00:00:00.001650 main     Build Type: release
00:00:00.001655 main     OS Product: Linux
00:00:00.001659 main     OS Release: 6.8.2-arch2-1
00:00:00.001663 main     OS Version: #1 SMP PREEMPT_DYNAMIC Thu, 28 Mar 2024 17:06:35 +0000
00:00:00.001708 main     DMI Product Name: 20J7S0DK00
00:00:00.001733 main     DMI Product Version: ThinkPad T470p
00:00:00.001744 main     Firmware type: UEFI
00:00:00.003097 main     Secure Boot: Disabled
00:00:00.003205 main     Host RAM: 31829MB (31.0GB) total, 26460MB (25.8GB) available
00:00:00.003212 main     Executable: /usr/lib/virtualbox/VBoxSVC
00:00:00.003214 main     Process ID: 20450
00:00:00.003215 main     Package type: LINUX_64BITS_GENERIC (OSE)
00:00:00.007670 main     IPC socket path: /tmp/.vbox-gpiio-ipc/ipcd
00:00:00.124075 nspr-2   VirtualBox: object creation starts
00:00:00.124295 nspr-2   Home directory: '/home/gpiio/.config/VirtualBox'
00:00:00.124719 nspr-2   Loading settings file "/home/gpiio/.config/VirtualBox/VirtualBox.xml" with version "1.12-linux"
00:00:00.172341 nspr-2   NetIfAdpCtlOut: VBoxNetAdpCtl: Error while retrieving link speed for wlan0: VBoxNetAdpCtl: ioctl failed: Operation not supported
00:00:00.174962 nspr-2   HostDnsMonitor: initializing
00:00:00.175691 nspr-2   NAT: resolv.conf: nameserver 192.168.1.1
00:00:00.175731 nspr-2   NAT: resolv.conf: nameserver 2603:6080:6101:34ea::1
00:00:00.175775 nspr-2   HostDnsMonitor: updating information
00:00:00.175812 nspr-2   HostDnsMonitor: old information
00:00:00.175824 nspr-2     no server entries
00:00:00.175835 nspr-2     no domain set
00:00:00.175846 nspr-2     no search string entries
00:00:00.175857 nspr-2   HostDnsMonitor: new information
00:00:00.175867 nspr-2     server 1: 192.168.1.1
00:00:00.175880 nspr-2     server 2: 2603:6080:6101:34ea::1
00:00:00.175891 nspr-2     domain: lan
00:00:00.175902 nspr-2     search string 1: lan
00:00:00.215535 nspr-2   VD: VDInit finished with VINF_SUCCESS
00:00:00.220264 nspr-2   Loading settings file "/home/gpiio/VirtualBox VMs/generic-ubuntu2004-virtualbox-x64_1708017922123_29693/generic-ubuntu2004-virtualbox-x64_1708017922123_29693.vbox" with version "1.19-linux"
00:00:00.221466 nspr-2   Loading settings file "/home/gpiio/VirtualBox VMs/server-setup_default_1710206245654_64646/server-setup_default_1710206245654_64646.vbox" with version "1.19-linux"
00:00:00.222143 nspr-2   VirtualBox: object created
00:00:01.291439 nspr-6   WARNING [COM]: aRC=NS_ERROR_FAILURE (0x80004005) aIID={e54f6256-97a7-4947-8a78-10c013ddf4b8} aComponent={HostWrap} aText={VirtualBox is not currently allowed to access USB devices.  You can change this by adding your user to the 'vboxusers' group.  Please see the user manual for a more detailed explanation}, preserve=true aResultDetail=0
00:00:01.292847 nspr-3   WARNING [COM]: aRC=NS_ERROR_FAILURE (0x80004005) aIID={e54f6256-97a7-4947-8a78-10c013ddf4b8} aComponent={HostWrap} aText={VirtualBox is not currently allowed to access USB devices.  You can change this by adding your user to the 'vboxusers' group.  Please see the user manual for a more detailed explanation}, preserve=false aResultDetail=0
00:00:01.350288 nspr-6   ERROR [COM]: aRC=VBOX_E_INVALID_VM_STATE (0x80bb0002) aIID={300763af-5d6b-46e6-aa96-273eac15538a} aComponent={MachineWrap} aText={The machine is not mutable (state is PoweredOff)}, preserve=false aResultDetail=0
00:00:01.472849 nspr-6   WARNING [COM]: aRC=NS_ERROR_FAILURE (0x80004005) aIID={e54f6256-97a7-4947-8a78-10c013ddf4b8} aComponent={HostWrap} aText={VirtualBox is not currently allowed to access USB devices.  You can change this by adding your user to the 'vboxusers' group.  Please see the user manual for a more detailed explanation}, preserve=true aResultDetail=0
00:00:01.473816 nspr-5   WARNING [COM]: aRC=NS_ERROR_FAILURE (0x80004005) aIID={e54f6256-97a7-4947-8a78-10c013ddf4b8} aComponent={HostWrap} aText={VirtualBox is not currently allowed to access USB devices.  You can change this by adding your user to the 'vboxusers' group.  Please see the user manual for a more detailed explanation}, preserve=true aResultDetail=0
00:00:04.878695 nspr-4   Saving settings file "/home/gpiio/.config/VirtualBox/VirtualBox.xml" with version "1.12-linux"
00:00:04.896484 nspr-4   Finished saving settings file "/home/gpiio/.config/VirtualBox/VirtualBox.xml"
01:11:35.313963 main     VirtualBox: object deletion starts
01:11:35.314012 main     ERROR [COM]: aRC=VBOX_E_OBJECT_IN_USE (0x80bb000c) aIID={ad47ad09-787b-44ab-b343-a082a3f2dfb1} aComponent={MediumWrap} aText={Medium '/home/gpiio/VirtualBox VMs/generic-ubuntu2004-virtualbox-x64_1708017922123_29693/Snapshots/{3ffcb6e9-b042-4971-a898-e73e5f870bdf}.vmdk' cannot be closed because it is still attached to 1 virtual machines}, preserve=false aResultDetail=0
01:11:35.314210 main     ERROR [COM]: aRC=E_ACCESSDENIED (0x80070005) aIID={6cc49055-dad4-4496-85cf-3f76bcb3b5fa} aComponent={SnapshotWrap} aText={The object is not ready}, preserve=false aResultDetail=0
01:11:35.314257 main     ERROR [COM]: aRC=VBOX_E_OBJECT_IN_USE (0x80bb000c) aIID={ad47ad09-787b-44ab-b343-a082a3f2dfb1} aComponent={MediumWrap} aText={Medium '/home/gpiio/VirtualBox VMs/server-setup_default_1710206245654_64646/ubuntu-jammy-22.04-cloudimg-configdrive.vmdk' cannot be closed because it is still attached to 1 virtual machines}, preserve=false aResultDetail=0
01:11:35.314709 main     HostDnsMonitor: shutting down ...
01:11:35.315035 main     HostDnsMonitor: shut down
01:11:35.326412 Watcher  ERROR [COM]: aRC=E_ACCESSDENIED (0x80070005) aIID={7682d5eb-f00e-44f1-8ca2-99d08b1cd607} aComponent={VirtualBoxWrap} aText={The object is not ready}, preserve=false aResultDetail=0
01:11:35.326515 main     VirtualBox: object deleted
